[1.012s] Invoking command in '/home/student/irslab_ws/src/IRS_2025_Group_4/hand_solo_arm': PYTHONPATH=/home/student/irslab_ws/src/IRS_2025_Group_4/build/hand_solo_arm/prefix_override:/usr/lib/python3/dist-packages/colcon_core/task/python/colcon_distutils_commands:/home/student/irslab_ws/src/IRS_2025_Group_4/install/hand_solo_arm/lib/python3.10/site-packages:${PYTHONPATH} /usr/bin/python3 -W ignore:setup.py install is deprecated -W ignore:easy_install command is deprecated setup.py egg_info --egg-base ../build/hand_solo_arm build --build-base /home/student/irslab_ws/src/IRS_2025_Group_4/build/hand_solo_arm/build install --record /home/student/irslab_ws/src/IRS_2025_Group_4/build/hand_solo_arm/install.log --single-version-externally-managed install_data
[1.177s] running egg_info
[1.178s] creating ../build/hand_solo_arm/hand_solo_arm.egg-info
[1.178s] writing ../build/hand_solo_arm/hand_solo_arm.egg-info/PKG-INFO
[1.179s] writing dependency_links to ../build/hand_solo_arm/hand_solo_arm.egg-info/dependency_links.txt
[1.179s] writing entry points to ../build/hand_solo_arm/hand_solo_arm.egg-info/entry_points.txt
[1.179s] writing requirements to ../build/hand_solo_arm/hand_solo_arm.egg-info/requires.txt
[1.179s] writing top-level names to ../build/hand_solo_arm/hand_solo_arm.egg-info/top_level.txt
[1.179s] writing manifest file '../build/hand_solo_arm/hand_solo_arm.egg-info/SOURCES.txt'
[1.181s] reading manifest file '../build/hand_solo_arm/hand_solo_arm.egg-info/SOURCES.txt'
[1.181s] writing manifest file '../build/hand_solo_arm/hand_solo_arm.egg-info/SOURCES.txt'
[1.181s] running build
[1.181s] running build_py
[1.181s] creating /home/student/irslab_ws/src/IRS_2025_Group_4/build/hand_solo_arm/build
[1.181s] creating /home/student/irslab_ws/src/IRS_2025_Group_4/build/hand_solo_arm/build/lib
[1.182s] creating /home/student/irslab_ws/src/IRS_2025_Group_4/build/hand_solo_arm/build/lib/hand_solo_arm
[1.182s] copying hand_solo_arm/hs_pick_place.py -> /home/student/irslab_ws/src/IRS_2025_Group_4/build/hand_solo_arm/build/lib/hand_solo_arm
[1.182s] copying hand_solo_arm/__init__.py -> /home/student/irslab_ws/src/IRS_2025_Group_4/build/hand_solo_arm/build/lib/hand_solo_arm
[1.182s] running install
[1.182s] running install_lib
[1.183s] creating /home/student/irslab_ws/src/IRS_2025_Group_4/install/hand_solo_arm/lib/python3.10/site-packages/hand_solo_arm
[1.183s] copying /home/student/irslab_ws/src/IRS_2025_Group_4/build/hand_solo_arm/build/lib/hand_solo_arm/hs_pick_place.py -> /home/student/irslab_ws/src/IRS_2025_Group_4/install/hand_solo_arm/lib/python3.10/site-packages/hand_solo_arm
[1.183s] copying /home/student/irslab_ws/src/IRS_2025_Group_4/build/hand_solo_arm/build/lib/hand_solo_arm/__init__.py -> /home/student/irslab_ws/src/IRS_2025_Group_4/install/hand_solo_arm/lib/python3.10/site-packages/hand_solo_arm
[1.183s] byte-compiling /home/student/irslab_ws/src/IRS_2025_Group_4/install/hand_solo_arm/lib/python3.10/site-packages/hand_solo_arm/hs_pick_place.py to hs_pick_place.cpython-310.pyc
[1.184s] byte-compiling /home/student/irslab_ws/src/IRS_2025_Group_4/install/hand_solo_arm/lib/python3.10/site-packages/hand_solo_arm/__init__.py to __init__.cpython-310.pyc
[1.184s] running install_data
[1.184s] creating /home/student/irslab_ws/src/IRS_2025_Group_4/install/hand_solo_arm/share/ament_index
[1.184s] creating /home/student/irslab_ws/src/IRS_2025_Group_4/install/hand_solo_arm/share/ament_index/resource_index
[1.184s] creating /home/student/irslab_ws/src/IRS_2025_Group_4/install/hand_solo_arm/share/ament_index/resource_index/packages
[1.184s] copying resource/hand_solo_arm -> /home/student/irslab_ws/src/IRS_2025_Group_4/install/hand_solo_arm/share/ament_index/resource_index/packages
[1.184s] copying package.xml -> /home/student/irslab_ws/src/IRS_2025_Group_4/install/hand_solo_arm/share/hand_solo_arm
[1.184s] running install_egg_info
[1.185s] Copying ../build/hand_solo_arm/hand_solo_arm.egg-info to /home/student/irslab_ws/src/IRS_2025_Group_4/install/hand_solo_arm/lib/python3.10/site-packages/hand_solo_arm-0.0.0-py3.10.egg-info
[1.186s] running install_scripts
[1.202s] Installing hs_pick_place script to /home/student/irslab_ws/src/IRS_2025_Group_4/install/hand_solo_arm/lib/hand_solo_arm
[1.203s] writing list of installed files to '/home/student/irslab_ws/src/IRS_2025_Group_4/build/hand_solo_arm/install.log'
[1.220s] Invoked command in '/home/student/irslab_ws/src/IRS_2025_Group_4/hand_solo_arm' returned '0': PYTHONPATH=/home/student/irslab_ws/src/IRS_2025_Group_4/build/hand_solo_arm/prefix_override:/usr/lib/python3/dist-packages/colcon_core/task/python/colcon_distutils_commands:/home/student/irslab_ws/src/IRS_2025_Group_4/install/hand_solo_arm/lib/python3.10/site-packages:${PYTHONPATH} /usr/bin/python3 -W ignore:setup.py install is deprecated -W ignore:easy_install command is deprecated setup.py egg_info --egg-base ../build/hand_solo_arm build --build-base /home/student/irslab_ws/src/IRS_2025_Group_4/build/hand_solo_arm/build install --record /home/student/irslab_ws/src/IRS_2025_Group_4/build/hand_solo_arm/install.log --single-version-externally-managed install_data
