[1.623s] Invoking command in '/home/student/irslab_ws/src/IRS_2025_Group_4/autonomous_nav': PYTHONPATH=/home/student/irslab_ws/src/IRS_2025_Group_4/build/autonomous_nav/prefix_override:/usr/lib/python3/dist-packages/colcon_core/task/python/colcon_distutils_commands:/home/student/irslab_ws/src/IRS_2025_Group_4/install/autonomous_nav/lib/python3.10/site-packages:${PYTHONPATH} /usr/bin/python3 -W ignore:setup.py install is deprecated -W ignore:easy_install command is deprecated setup.py egg_info --egg-base ../build/autonomous_nav build --build-base /home/student/irslab_ws/src/IRS_2025_Group_4/build/autonomous_nav/build install --record /home/student/irslab_ws/src/IRS_2025_Group_4/build/autonomous_nav/install.log --single-version-externally-managed install_data
[1.952s] running egg_info
[1.954s] writing ../build/autonomous_nav/autonomous_nav.egg-info/PKG-INFO
[1.954s] writing dependency_links to ../build/autonomous_nav/autonomous_nav.egg-info/dependency_links.txt
[1.955s] writing entry points to ../build/autonomous_nav/autonomous_nav.egg-info/entry_points.txt
[1.955s] writing requirements to ../build/autonomous_nav/autonomous_nav.egg-info/requires.txt
[1.955s] writing top-level names to ../build/autonomous_nav/autonomous_nav.egg-info/top_level.txt
[1.959s] reading manifest file '../build/autonomous_nav/autonomous_nav.egg-info/SOURCES.txt'
[1.959s] adding license file 'LICENSE'
[1.961s] writing manifest file '../build/autonomous_nav/autonomous_nav.egg-info/SOURCES.txt'
[1.961s] running build
[1.961s] running build_py
[1.962s] copying autonomous_nav/hs_waypoint_follower.py -> /home/student/irslab_ws/src/IRS_2025_Group_4/build/autonomous_nav/build/lib/autonomous_nav
[1.962s] running install
[1.962s] running install_lib
[1.963s] copying /home/student/irslab_ws/src/IRS_2025_Group_4/build/autonomous_nav/build/lib/autonomous_nav/hs_waypoint_follower.py -> /home/student/irslab_ws/src/IRS_2025_Group_4/install/autonomous_nav/lib/python3.10/site-packages/autonomous_nav
[1.965s] byte-compiling /home/student/irslab_ws/src/IRS_2025_Group_4/install/autonomous_nav/lib/python3.10/site-packages/autonomous_nav/hs_waypoint_follower.py to hs_waypoint_follower.cpython-310.pyc
[1.967s] running install_data
[1.968s] running install_egg_info
[1.970s] removing '/home/student/irslab_ws/src/IRS_2025_Group_4/install/autonomous_nav/lib/python3.10/site-packages/autonomous_nav-0.0.0-py3.10.egg-info' (and everything under it)
[1.970s] Copying ../build/autonomous_nav/autonomous_nav.egg-info to /home/student/irslab_ws/src/IRS_2025_Group_4/install/autonomous_nav/lib/python3.10/site-packages/autonomous_nav-0.0.0-py3.10.egg-info
[1.972s] running install_scripts
[2.005s] Installing hs_waypoint_follower script to /home/student/irslab_ws/src/IRS_2025_Group_4/install/autonomous_nav/lib/autonomous_nav
[2.006s] writing list of installed files to '/home/student/irslab_ws/src/IRS_2025_Group_4/build/autonomous_nav/install.log'
[2.073s] Invoked command in '/home/student/irslab_ws/src/IRS_2025_Group_4/autonomous_nav' returned '0': PYTHONPATH=/home/student/irslab_ws/src/IRS_2025_Group_4/build/autonomous_nav/prefix_override:/usr/lib/python3/dist-packages/colcon_core/task/python/colcon_distutils_commands:/home/student/irslab_ws/src/IRS_2025_Group_4/install/autonomous_nav/lib/python3.10/site-packages:${PYTHONPATH} /usr/bin/python3 -W ignore:setup.py install is deprecated -W ignore:easy_install command is deprecated setup.py egg_info --egg-base ../build/autonomous_nav build --build-base /home/student/irslab_ws/src/IRS_2025_Group_4/build/autonomous_nav/build install --record /home/student/irslab_ws/src/IRS_2025_Group_4/build/autonomous_nav/install.log --single-version-externally-managed install_data
