[1.568s] Invoking command in '/home/student/irslab_ws/src/IRS_2025_Group_4/autonomous_nav': PYTHONPATH=/home/student/irslab_ws/src/IRS_2025_Group_4/build/autonomous_nav/prefix_override:/usr/lib/python3/dist-packages/colcon_core/task/python/colcon_distutils_commands:/home/student/irslab_ws/src/IRS_2025_Group_4/install/autonomous_nav/lib/python3.10/site-packages:${PYTHONPATH} /usr/bin/python3 -W ignore:setup.py install is deprecated -W ignore:easy_install command is deprecated setup.py egg_info --egg-base ../build/autonomous_nav build --build-base /home/student/irslab_ws/src/IRS_2025_Group_4/build/autonomous_nav/build install --record /home/student/irslab_ws/src/IRS_2025_Group_4/build/autonomous_nav/install.log --single-version-externally-managed install_data
[1.863s] running egg_info
[1.866s] writing ../build/autonomous_nav/autonomous_nav.egg-info/PKG-INFO
[1.866s] writing dependency_links to ../build/autonomous_nav/autonomous_nav.egg-info/dependency_links.txt
[1.867s] writing entry points to ../build/autonomous_nav/autonomous_nav.egg-info/entry_points.txt
[1.867s] writing requirements to ../build/autonomous_nav/autonomous_nav.egg-info/requires.txt
[1.867s] writing top-level names to ../build/autonomous_nav/autonomous_nav.egg-info/top_level.txt
[1.872s] reading manifest file '../build/autonomous_nav/autonomous_nav.egg-info/SOURCES.txt'
[1.872s] adding license file 'LICENSE'
[1.873s] writing manifest file '../build/autonomous_nav/autonomous_nav.egg-info/SOURCES.txt'
[1.873s] running build
[1.874s] running build_py
[1.874s] running install
[1.874s] running install_lib
[1.876s] running install_data
[1.877s] running install_egg_info
[1.878s] removing '/home/student/irslab_ws/src/IRS_2025_Group_4/install/autonomous_nav/lib/python3.10/site-packages/autonomous_nav-0.0.0-py3.10.egg-info' (and everything under it)
[1.879s] Copying ../build/autonomous_nav/autonomous_nav.egg-info to /home/student/irslab_ws/src/IRS_2025_Group_4/install/autonomous_nav/lib/python3.10/site-packages/autonomous_nav-0.0.0-py3.10.egg-info
[1.880s] running install_scripts
[1.906s] Installing hs_waypoint_follower script to /home/student/irslab_ws/src/IRS_2025_Group_4/install/autonomous_nav/lib/autonomous_nav
[1.907s] writing list of installed files to '/home/student/irslab_ws/src/IRS_2025_Group_4/build/autonomous_nav/install.log'
[1.974s] Invoked command in '/home/student/irslab_ws/src/IRS_2025_Group_4/autonomous_nav' returned '0': PYTHONPATH=/home/student/irslab_ws/src/IRS_2025_Group_4/build/autonomous_nav/prefix_override:/usr/lib/python3/dist-packages/colcon_core/task/python/colcon_distutils_commands:/home/student/irslab_ws/src/IRS_2025_Group_4/install/autonomous_nav/lib/python3.10/site-packages:${PYTHONPATH} /usr/bin/python3 -W ignore:setup.py install is deprecated -W ignore:easy_install command is deprecated setup.py egg_info --egg-base ../build/autonomous_nav build --build-base /home/student/irslab_ws/src/IRS_2025_Group_4/build/autonomous_nav/build install --record /home/student/irslab_ws/src/IRS_2025_Group_4/build/autonomous_nav/install.log --single-version-externally-managed install_data
