[0.963s] Invoking command in '/home/student/irslab_ws/src/IRS_2025_Group_4/hand_solo_virtual_nav': PYTHONPATH=/home/student/irslab_ws/src/IRS_2025_Group_4/build/hand_solo_virtual_nav/prefix_override:/usr/lib/python3/dist-packages/colcon_core/task/python/colcon_distutils_commands:/home/student/irslab_ws/src/IRS_2025_Group_4/install/hand_solo_virtual_nav/lib/python3.10/site-packages:${PYTHONPATH} /usr/bin/python3 -W ignore:setup.py install is deprecated -W ignore:easy_install command is deprecated setup.py egg_info --egg-base ../build/hand_solo_virtual_nav build --build-base /home/student/irslab_ws/src/IRS_2025_Group_4/build/hand_solo_virtual_nav/build install --record /home/student/irslab_ws/src/IRS_2025_Group_4/build/hand_solo_virtual_nav/install.log --single-version-externally-managed install_data
[1.151s] running egg_info
[1.152s] creating ../build/hand_solo_virtual_nav/hand_solo_virtual_nav.egg-info
[1.152s] writing ../build/hand_solo_virtual_nav/hand_solo_virtual_nav.egg-info/PKG-INFO
[1.152s] writing dependency_links to ../build/hand_solo_virtual_nav/hand_solo_virtual_nav.egg-info/dependency_links.txt
[1.152s] writing entry points to ../build/hand_solo_virtual_nav/hand_solo_virtual_nav.egg-info/entry_points.txt
[1.152s] writing requirements to ../build/hand_solo_virtual_nav/hand_solo_virtual_nav.egg-info/requires.txt
[1.152s] writing top-level names to ../build/hand_solo_virtual_nav/hand_solo_virtual_nav.egg-info/top_level.txt
[1.152s] writing manifest file '../build/hand_solo_virtual_nav/hand_solo_virtual_nav.egg-info/SOURCES.txt'
[1.153s] reading manifest file '../build/hand_solo_virtual_nav/hand_solo_virtual_nav.egg-info/SOURCES.txt'
[1.153s] adding license file 'LICENSE'
[1.154s] writing manifest file '../build/hand_solo_virtual_nav/hand_solo_virtual_nav.egg-info/SOURCES.txt'
[1.154s] running build
[1.154s] running build_py
[1.154s] creating /home/student/irslab_ws/src/IRS_2025_Group_4/build/hand_solo_virtual_nav/build
[1.154s] creating /home/student/irslab_ws/src/IRS_2025_Group_4/build/hand_solo_virtual_nav/build/lib
[1.154s] creating /home/student/irslab_ws/src/IRS_2025_Group_4/build/hand_solo_virtual_nav/build/lib/hand_solo_virtual_nav
[1.154s] copying hand_solo_virtual_nav/hs_waypoint_follower.py -> /home/student/irslab_ws/src/IRS_2025_Group_4/build/hand_solo_virtual_nav/build/lib/hand_solo_virtual_nav
[1.154s] copying hand_solo_virtual_nav/__init__.py -> /home/student/irslab_ws/src/IRS_2025_Group_4/build/hand_solo_virtual_nav/build/lib/hand_solo_virtual_nav
[1.154s] running install
[1.155s] running install_lib
[1.155s] creating /home/student/irslab_ws/src/IRS_2025_Group_4/install/hand_solo_virtual_nav/lib/python3.10/site-packages/hand_solo_virtual_nav
[1.155s] copying /home/student/irslab_ws/src/IRS_2025_Group_4/build/hand_solo_virtual_nav/build/lib/hand_solo_virtual_nav/hs_waypoint_follower.py -> /home/student/irslab_ws/src/IRS_2025_Group_4/install/hand_solo_virtual_nav/lib/python3.10/site-packages/hand_solo_virtual_nav
[1.155s] copying /home/student/irslab_ws/src/IRS_2025_Group_4/build/hand_solo_virtual_nav/build/lib/hand_solo_virtual_nav/__init__.py -> /home/student/irslab_ws/src/IRS_2025_Group_4/install/hand_solo_virtual_nav/lib/python3.10/site-packages/hand_solo_virtual_nav
[1.155s] byte-compiling /home/student/irslab_ws/src/IRS_2025_Group_4/install/hand_solo_virtual_nav/lib/python3.10/site-packages/hand_solo_virtual_nav/hs_waypoint_follower.py to hs_waypoint_follower.cpython-310.pyc
[1.156s] byte-compiling /home/student/irslab_ws/src/IRS_2025_Group_4/install/hand_solo_virtual_nav/lib/python3.10/site-packages/hand_solo_virtual_nav/__init__.py to __init__.cpython-310.pyc
[1.156s] running install_data
[1.156s] creating /home/student/irslab_ws/src/IRS_2025_Group_4/install/hand_solo_virtual_nav/share/ament_index
[1.156s] creating /home/student/irslab_ws/src/IRS_2025_Group_4/install/hand_solo_virtual_nav/share/ament_index/resource_index
[1.156s] creating /home/student/irslab_ws/src/IRS_2025_Group_4/install/hand_solo_virtual_nav/share/ament_index/resource_index/packages
[1.157s] copying resource/hand_solo_virtual_nav -> /home/student/irslab_ws/src/IRS_2025_Group_4/install/hand_solo_virtual_nav/share/ament_index/resource_index/packages
[1.157s] copying package.xml -> /home/student/irslab_ws/src/IRS_2025_Group_4/install/hand_solo_virtual_nav/share/hand_solo_virtual_nav
[1.157s] creating /home/student/irslab_ws/src/IRS_2025_Group_4/install/hand_solo_virtual_nav/share/hand_solo_virtual_nav/launch
[1.157s] copying launch/nav_launch.py -> /home/student/irslab_ws/src/IRS_2025_Group_4/install/hand_solo_virtual_nav/share/hand_solo_virtual_nav/launch
[1.157s] copying launch/mapping_launch.py -> /home/student/irslab_ws/src/IRS_2025_Group_4/install/hand_solo_virtual_nav/share/hand_solo_virtual_nav/launch
[1.157s] creating /home/student/irslab_ws/src/IRS_2025_Group_4/install/hand_solo_virtual_nav/share/hand_solo_virtual_nav/config
[1.157s] copying config/pa_slam_params.yaml -> /home/student/irslab_ws/src/IRS_2025_Group_4/install/hand_solo_virtual_nav/share/hand_solo_virtual_nav/config
[1.157s] copying config/pa_nav2_params.yaml -> /home/student/irslab_ws/src/IRS_2025_Group_4/install/hand_solo_virtual_nav/share/hand_solo_virtual_nav/config
[1.157s] creating /home/student/irslab_ws/src/IRS_2025_Group_4/install/hand_solo_virtual_nav/share/hand_solo_virtual_nav/rviz
[1.157s] copying rviz/pa_rviz_nav2.rviz -> /home/student/irslab_ws/src/IRS_2025_Group_4/install/hand_solo_virtual_nav/share/hand_solo_virtual_nav/rviz
[1.158s] copying rviz/pa_rviz_mapping.rviz -> /home/student/irslab_ws/src/IRS_2025_Group_4/install/hand_solo_virtual_nav/share/hand_solo_virtual_nav/rviz
[1.158s] creating /home/student/irslab_ws/src/IRS_2025_Group_4/install/hand_solo_virtual_nav/share/hand_solo_virtual_nav/map
[1.158s] copying map/pa_warehouse_map_02.pgm -> /home/student/irslab_ws/src/IRS_2025_Group_4/install/hand_solo_virtual_nav/share/hand_solo_virtual_nav/map
[1.158s] copying map/pa_warehouse_map_02.yaml -> /home/student/irslab_ws/src/IRS_2025_Group_4/install/hand_solo_virtual_nav/share/hand_solo_virtual_nav/map
[1.158s] running install_egg_info
[1.159s] Copying ../build/hand_solo_virtual_nav/hand_solo_virtual_nav.egg-info to /home/student/irslab_ws/src/IRS_2025_Group_4/install/hand_solo_virtual_nav/lib/python3.10/site-packages/hand_solo_virtual_nav-0.0.0-py3.10.egg-info
[1.159s] running install_scripts
[1.175s] Installing hs_waypoint_follower script to /home/student/irslab_ws/src/IRS_2025_Group_4/install/hand_solo_virtual_nav/lib/hand_solo_virtual_nav
[1.176s] writing list of installed files to '/home/student/irslab_ws/src/IRS_2025_Group_4/build/hand_solo_virtual_nav/install.log'
[1.203s] Invoked command in '/home/student/irslab_ws/src/IRS_2025_Group_4/hand_solo_virtual_nav' returned '0': PYTHONPATH=/home/student/irslab_ws/src/IRS_2025_Group_4/build/hand_solo_virtual_nav/prefix_override:/usr/lib/python3/dist-packages/colcon_core/task/python/colcon_distutils_commands:/home/student/irslab_ws/src/IRS_2025_Group_4/install/hand_solo_virtual_nav/lib/python3.10/site-packages:${PYTHONPATH} /usr/bin/python3 -W ignore:setup.py install is deprecated -W ignore:easy_install command is deprecated setup.py egg_info --egg-base ../build/hand_solo_virtual_nav build --build-base /home/student/irslab_ws/src/IRS_2025_Group_4/build/hand_solo_virtual_nav/build install --record /home/student/irslab_ws/src/IRS_2025_Group_4/build/hand_solo_virtual_nav/install.log --single-version-externally-managed install_data
