[1.998s] Invoking command in '/home/student/irslab_ws/src/IRS_2025_Group_4/pa_warehouse_status': PYTHONPATH=/home/student/irslab_ws/src/IRS_2025_Group_4/build/pa_warehouse_status/prefix_override:/usr/lib/python3/dist-packages/colcon_core/task/python/colcon_distutils_commands:/home/student/irslab_ws/src/IRS_2025_Group_4/install/pa_warehouse_status/lib/python3.10/site-packages:${PYTHONPATH} /usr/bin/python3 -W ignore:setup.py install is deprecated -W ignore:easy_install command is deprecated setup.py egg_info --egg-base ../build/pa_warehouse_status build --build-base /home/student/irslab_ws/src/IRS_2025_Group_4/build/pa_warehouse_status/build install --record /home/student/irslab_ws/src/IRS_2025_Group_4/build/pa_warehouse_status/install.log --single-version-externally-managed install_data
[2.341s] running egg_info
[2.342s] writing ../build/pa_warehouse_status/pa_warehouse_status.egg-info/PKG-INFO
[2.342s] writing dependency_links to ../build/pa_warehouse_status/pa_warehouse_status.egg-info/dependency_links.txt
[2.343s] writing entry points to ../build/pa_warehouse_status/pa_warehouse_status.egg-info/entry_points.txt
[2.343s] writing requirements to ../build/pa_warehouse_status/pa_warehouse_status.egg-info/requires.txt
[2.343s] writing top-level names to ../build/pa_warehouse_status/pa_warehouse_status.egg-info/top_level.txt
[2.346s] reading manifest file '../build/pa_warehouse_status/pa_warehouse_status.egg-info/SOURCES.txt'
[2.346s] adding license file 'LICENSE'
[2.347s] writing manifest file '../build/pa_warehouse_status/pa_warehouse_status.egg-info/SOURCES.txt'
[2.347s] running build
[2.347s] running build_py
[2.347s] running install
[2.348s] running install_lib
[2.349s] running install_data
[2.349s] running install_egg_info
[2.352s] removing '/home/student/irslab_ws/src/IRS_2025_Group_4/install/pa_warehouse_status/lib/python3.10/site-packages/pa_warehouse_status-0.0.0-py3.10.egg-info' (and everything under it)
[2.352s] Copying ../build/pa_warehouse_status/pa_warehouse_status.egg-info to /home/student/irslab_ws/src/IRS_2025_Group_4/install/pa_warehouse_status/lib/python3.10/site-packages/pa_warehouse_status-0.0.0-py3.10.egg-info
[2.353s] running install_scripts
[2.394s] Installing pineapple_gossip_bot script to /home/student/irslab_ws/src/IRS_2025_Group_4/install/pa_warehouse_status/lib/pa_warehouse_status
[2.395s] Installing plc_hmi_listener script to /home/student/irslab_ws/src/IRS_2025_Group_4/install/pa_warehouse_status/lib/pa_warehouse_status
[2.395s] writing list of installed files to '/home/student/irslab_ws/src/IRS_2025_Group_4/build/pa_warehouse_status/install.log'
[2.472s] Invoked command in '/home/student/irslab_ws/src/IRS_2025_Group_4/pa_warehouse_status' returned '0': PYTHONPATH=/home/student/irslab_ws/src/IRS_2025_Group_4/build/pa_warehouse_status/prefix_override:/usr/lib/python3/dist-packages/colcon_core/task/python/colcon_distutils_commands:/home/student/irslab_ws/src/IRS_2025_Group_4/install/pa_warehouse_status/lib/python3.10/site-packages:${PYTHONPATH} /usr/bin/python3 -W ignore:setup.py install is deprecated -W ignore:easy_install command is deprecated setup.py egg_info --egg-base ../build/pa_warehouse_status build --build-base /home/student/irslab_ws/src/IRS_2025_Group_4/build/pa_warehouse_status/build install --record /home/student/irslab_ws/src/IRS_2025_Group_4/build/pa_warehouse_status/install.log --single-version-externally-managed install_data
