[0.922s] Invoking command in '/home/student/irslab_ws/src/IRS_2025_Group_4/autonomous_nav': PYTHONPATH=/home/student/irslab_ws/src/IRS_2025_Group_4/build/autonomous_nav/prefix_override:/usr/lib/python3/dist-packages/colcon_core/task/python/colcon_distutils_commands:/home/student/irslab_ws/src/IRS_2025_Group_4/install/autonomous_nav/lib/python3.10/site-packages:${PYTHONPATH} /usr/bin/python3 -W ignore:setup.py install is deprecated -W ignore:easy_install command is deprecated setup.py egg_info --egg-base ../build/autonomous_nav build --build-base /home/student/irslab_ws/src/IRS_2025_Group_4/build/autonomous_nav/build install --record /home/student/irslab_ws/src/IRS_2025_Group_4/build/autonomous_nav/install.log --single-version-externally-managed install_data
[1.159s] running egg_info
[1.160s] writing ../build/autonomous_nav/autonomous_nav.egg-info/PKG-INFO
[1.160s] writing dependency_links to ../build/autonomous_nav/autonomous_nav.egg-info/dependency_links.txt
[1.160s] writing entry points to ../build/autonomous_nav/autonomous_nav.egg-info/entry_points.txt
[1.160s] writing requirements to ../build/autonomous_nav/autonomous_nav.egg-info/requires.txt
[1.160s] writing top-level names to ../build/autonomous_nav/autonomous_nav.egg-info/top_level.txt
[1.161s] reading manifest file '../build/autonomous_nav/autonomous_nav.egg-info/SOURCES.txt'
[1.161s] adding license file 'LICENSE'
[1.162s] writing manifest file '../build/autonomous_nav/autonomous_nav.egg-info/SOURCES.txt'
[1.162s] running build
[1.162s] running build_py
[1.163s] running install
[1.163s] running install_lib
[1.163s] running install_data
[1.163s] running install_egg_info
[1.165s] removing '/home/student/irslab_ws/src/IRS_2025_Group_4/install/autonomous_nav/lib/python3.10/site-packages/autonomous_nav-0.0.0-py3.10.egg-info' (and everything under it)
[1.165s] Copying ../build/autonomous_nav/autonomous_nav.egg-info to /home/student/irslab_ws/src/IRS_2025_Group_4/install/autonomous_nav/lib/python3.10/site-packages/autonomous_nav-0.0.0-py3.10.egg-info
[1.165s] running install_scripts
[1.180s] Installing hs_waypoint_follower script to /home/student/irslab_ws/src/IRS_2025_Group_4/install/autonomous_nav/lib/autonomous_nav
[1.180s] writing list of installed files to '/home/student/irslab_ws/src/IRS_2025_Group_4/build/autonomous_nav/install.log'
[1.196s] Invoked command in '/home/student/irslab_ws/src/IRS_2025_Group_4/autonomous_nav' returned '0': PYTHONPATH=/home/student/irslab_ws/src/IRS_2025_Group_4/build/autonomous_nav/prefix_override:/usr/lib/python3/dist-packages/colcon_core/task/python/colcon_distutils_commands:/home/student/irslab_ws/src/IRS_2025_Group_4/install/autonomous_nav/lib/python3.10/site-packages:${PYTHONPATH} /usr/bin/python3 -W ignore:setup.py install is deprecated -W ignore:easy_install command is deprecated setup.py egg_info --egg-base ../build/autonomous_nav build --build-base /home/student/irslab_ws/src/IRS_2025_Group_4/build/autonomous_nav/build install --record /home/student/irslab_ws/src/IRS_2025_Group_4/build/autonomous_nav/install.log --single-version-externally-managed install_data
