[1.759s] Invoking command in '/home/student/irslab_ws/src/IRS_2025_Group_4/autonomous_nav': PYTHONPATH=/home/student/irslab_ws/src/IRS_2025_Group_4/build/autonomous_nav/prefix_override:/usr/lib/python3/dist-packages/colcon_core/task/python/colcon_distutils_commands:/home/student/irslab_ws/src/IRS_2025_Group_4/install/autonomous_nav/lib/python3.10/site-packages:${PYTHONPATH} /usr/bin/python3 -W ignore:setup.py install is deprecated -W ignore:easy_install command is deprecated setup.py egg_info --egg-base ../build/autonomous_nav build --build-base /home/student/irslab_ws/src/IRS_2025_Group_4/build/autonomous_nav/build install --record /home/student/irslab_ws/src/IRS_2025_Group_4/build/autonomous_nav/install.log --single-version-externally-managed install_data
[2.113s] running egg_info
[2.113s] writing ../build/autonomous_nav/autonomous_nav.egg-info/PKG-INFO
[2.114s] writing dependency_links to ../build/autonomous_nav/autonomous_nav.egg-info/dependency_links.txt
[2.115s] writing entry points to ../build/autonomous_nav/autonomous_nav.egg-info/entry_points.txt
[2.115s] writing requirements to ../build/autonomous_nav/autonomous_nav.egg-info/requires.txt
[2.115s] writing top-level names to ../build/autonomous_nav/autonomous_nav.egg-info/top_level.txt
[2.120s] reading manifest file '../build/autonomous_nav/autonomous_nav.egg-info/SOURCES.txt'
[2.120s] adding license file 'LICENSE'
[2.122s] writing manifest file '../build/autonomous_nav/autonomous_nav.egg-info/SOURCES.txt'
[2.122s] running build
[2.122s] running build_py
[2.122s] copying autonomous_nav/hs_waypoint_follower.py -> /home/student/irslab_ws/src/IRS_2025_Group_4/build/autonomous_nav/build/lib/autonomous_nav
[2.123s] running install
[2.124s] running install_lib
[2.125s] copying /home/student/irslab_ws/src/IRS_2025_Group_4/build/autonomous_nav/build/lib/autonomous_nav/hs_waypoint_follower.py -> /home/student/irslab_ws/src/IRS_2025_Group_4/install/autonomous_nav/lib/python3.10/site-packages/autonomous_nav
[2.126s] byte-compiling /home/student/irslab_ws/src/IRS_2025_Group_4/install/autonomous_nav/lib/python3.10/site-packages/autonomous_nav/hs_waypoint_follower.py to hs_waypoint_follower.cpython-310.pyc
[2.129s] running install_data
[2.130s] running install_egg_info
[2.132s] removing '/home/student/irslab_ws/src/IRS_2025_Group_4/install/autonomous_nav/lib/python3.10/site-packages/autonomous_nav-0.0.0-py3.10.egg-info' (and everything under it)
[2.132s] Copying ../build/autonomous_nav/autonomous_nav.egg-info to /home/student/irslab_ws/src/IRS_2025_Group_4/install/autonomous_nav/lib/python3.10/site-packages/autonomous_nav-0.0.0-py3.10.egg-info
[2.133s] running install_scripts
[2.159s] Installing hs_waypoint_follower script to /home/student/irslab_ws/src/IRS_2025_Group_4/install/autonomous_nav/lib/autonomous_nav
[2.160s] writing list of installed files to '/home/student/irslab_ws/src/IRS_2025_Group_4/build/autonomous_nav/install.log'
[2.227s] Invoked command in '/home/student/irslab_ws/src/IRS_2025_Group_4/autonomous_nav' returned '0': PYTHONPATH=/home/student/irslab_ws/src/IRS_2025_Group_4/build/autonomous_nav/prefix_override:/usr/lib/python3/dist-packages/colcon_core/task/python/colcon_distutils_commands:/home/student/irslab_ws/src/IRS_2025_Group_4/install/autonomous_nav/lib/python3.10/site-packages:${PYTHONPATH} /usr/bin/python3 -W ignore:setup.py install is deprecated -W ignore:easy_install command is deprecated setup.py egg_info --egg-base ../build/autonomous_nav build --build-base /home/student/irslab_ws/src/IRS_2025_Group_4/build/autonomous_nav/build install --record /home/student/irslab_ws/src/IRS_2025_Group_4/build/autonomous_nav/install.log --single-version-externally-managed install_data
