[2.182s] Invoking command in '/home/student/irslab_ws/src/IRS_2025_Group_4/hand_solo_virtual_nav': PYTHONPATH=/home/student/irslab_ws/src/IRS_2025_Group_4/build/hand_solo_virtual_nav/prefix_override:/usr/lib/python3/dist-packages/colcon_core/task/python/colcon_distutils_commands:/home/student/irslab_ws/src/IRS_2025_Group_4/install/hand_solo_virtual_nav/lib/python3.10/site-packages:${PYTHONPATH} /usr/bin/python3 -W ignore:setup.py install is deprecated -W ignore:easy_install command is deprecated setup.py egg_info --egg-base ../build/hand_solo_virtual_nav build --build-base /home/student/irslab_ws/src/IRS_2025_Group_4/build/hand_solo_virtual_nav/build install --record /home/student/irslab_ws/src/IRS_2025_Group_4/build/hand_solo_virtual_nav/install.log --single-version-externally-managed install_data
[2.572s] running egg_info
[2.573s] writing ../build/hand_solo_virtual_nav/hand_solo_virtual_nav.egg-info/PKG-INFO
[2.574s] writing dependency_links to ../build/hand_solo_virtual_nav/hand_solo_virtual_nav.egg-info/dependency_links.txt
[2.574s] writing entry points to ../build/hand_solo_virtual_nav/hand_solo_virtual_nav.egg-info/entry_points.txt
[2.574s] writing requirements to ../build/hand_solo_virtual_nav/hand_solo_virtual_nav.egg-info/requires.txt
[2.575s] writing top-level names to ../build/hand_solo_virtual_nav/hand_solo_virtual_nav.egg-info/top_level.txt
[2.581s] reading manifest file '../build/hand_solo_virtual_nav/hand_solo_virtual_nav.egg-info/SOURCES.txt'
[2.581s] adding license file 'LICENSE'
[2.582s] writing manifest file '../build/hand_solo_virtual_nav/hand_solo_virtual_nav.egg-info/SOURCES.txt'
[2.582s] running build
[2.583s] running build_py
[2.583s] running install
[2.584s] running install_lib
[2.586s] running install_data
[2.586s] running install_egg_info
[2.592s] removing '/home/student/irslab_ws/src/IRS_2025_Group_4/install/hand_solo_virtual_nav/lib/python3.10/site-packages/hand_solo_virtual_nav-0.0.0-py3.10.egg-info' (and everything under it)
[2.592s] Copying ../build/hand_solo_virtual_nav/hand_solo_virtual_nav.egg-info to /home/student/irslab_ws/src/IRS_2025_Group_4/install/hand_solo_virtual_nav/lib/python3.10/site-packages/hand_solo_virtual_nav-0.0.0-py3.10.egg-info
[2.592s] running install_scripts
[2.626s] Installing hs_waypoint_follower script to /home/student/irslab_ws/src/IRS_2025_Group_4/install/hand_solo_virtual_nav/lib/hand_solo_virtual_nav
[2.627s] writing list of installed files to '/home/student/irslab_ws/src/IRS_2025_Group_4/build/hand_solo_virtual_nav/install.log'
[2.724s] Invoked command in '/home/student/irslab_ws/src/IRS_2025_Group_4/hand_solo_virtual_nav' returned '0': PYTHONPATH=/home/student/irslab_ws/src/IRS_2025_Group_4/build/hand_solo_virtual_nav/prefix_override:/usr/lib/python3/dist-packages/colcon_core/task/python/colcon_distutils_commands:/home/student/irslab_ws/src/IRS_2025_Group_4/install/hand_solo_virtual_nav/lib/python3.10/site-packages:${PYTHONPATH} /usr/bin/python3 -W ignore:setup.py install is deprecated -W ignore:easy_install command is deprecated setup.py egg_info --egg-base ../build/hand_solo_virtual_nav build --build-base /home/student/irslab_ws/src/IRS_2025_Group_4/build/hand_solo_virtual_nav/build install --record /home/student/irslab_ws/src/IRS_2025_Group_4/build/hand_solo_virtual_nav/install.log --single-version-externally-managed install_data
