[0.129s] DEBUG:colcon:Command line arguments: ['/usr/bin/colcon', 'build']
[0.130s] DEBUG:colcon:Parsed command line arguments: Namespace(log_base=None, log_level=None, verb_name='build', build_base='build', install_base='install', merge_install=False, symlink_install=False, test_result_base=None, continue_on_error=False, executor='parallel', parallel_workers=12, event_handlers=None, ignore_user_meta=False, metas=['./colcon.meta'], base_paths=['.'], packages_ignore=None, packages_ignore_regex=None, paths=None, packages_up_to=None, packages_up_to_regex=None, packages_above=None, packages_above_and_dependencies=None, packages_above_depth=None, packages_select_by_dep=None, packages_skip_by_dep=None, packages_skip_up_to=None, packages_select_build_failed=False, packages_skip_build_finished=False, packages_select_test_failures=False, packages_skip_test_passed=False, packages_select=None, packages_skip=None, packages_select_regex=None, packages_skip_regex=None, packages_start=None, packages_end=None, allow_overriding=[], cmake_args=None, cmake_target=None, cmake_target_skip_unavailable=False, cmake_clean_cache=False, cmake_clean_first=False, cmake_force_configure=False, ament_cmake_args=None, catkin_cmake_args=None, catkin_skip_building_tests=False, mixin_files=None, mixin=None, verb_parser=<colcon_mixin.mixin.mixin_argument.MixinArgumentDecorator object at 0x7fc5870a4af0>, verb_extension=<colcon_core.verb.build.BuildVerb object at 0x7fc5870a42e0>, main=<bound method BuildVerb.main of <colcon_core.verb.build.BuildVerb object at 0x7fc5870a42e0>>, mixin_verb=('build',))
[0.313s] Level 1:colcon.colcon_core.package_discovery:discover_packages(colcon_meta) check parameters
[0.313s] Level 1:colcon.colcon_core.package_discovery:discover_packages(recursive) check parameters
[0.313s] Level 1:colcon.colcon_core.package_discovery:discover_packages(ignore) check parameters
[0.313s] Level 1:colcon.colcon_core.package_discovery:discover_packages(path) check parameters
[0.313s] Level 1:colcon.colcon_core.package_discovery:discover_packages(colcon_meta) discover
[0.313s] Level 1:colcon.colcon_core.package_discovery:discover_packages(recursive) discover
[0.313s] INFO:colcon.colcon_core.package_discovery:Crawling recursively for packages in '/home/student/irslab_ws/src/IRS_2025_Group_4'
[0.313s] Level 1:colcon.colcon_core.package_identification:_identify(.) by extensions ['ignore', 'ignore_ament_install']
[0.313s] Level 1:colcon.colcon_core.package_identification:_identify(.) by extension 'ignore'
[0.314s] Level 1:colcon.colcon_core.package_identification:_identify(.) by extension 'ignore_ament_install'
[0.314s] Level 1:colcon.colcon_core.package_identification:_identify(.) by extensions ['colcon_pkg']
[0.314s] Level 1:colcon.colcon_core.package_identification:_identify(.) by extension 'colcon_pkg'
[0.314s] Level 1:colcon.colcon_core.package_identification:_identify(.) by extensions ['colcon_meta']
[0.314s] Level 1:colcon.colcon_core.package_identification:_identify(.) by extension 'colcon_meta'
[0.314s] Level 1:colcon.colcon_core.package_identification:_identify(.) by extensions ['ros']
[0.314s] Level 1:colcon.colcon_core.package_identification:_identify(.) by extension 'ros'
[0.330s] Level 1:colcon.colcon_core.package_identification:_identify(.) by extensions ['cmake', 'python']
[0.330s] Level 1:colcon.colcon_core.package_identification:_identify(.) by extension 'cmake'
[0.330s] Level 1:colcon.colcon_core.package_identification:_identify(.) by extension 'python'
[0.330s] Level 1:colcon.colcon_core.package_identification:_identify(.) by extensions ['python_setup_py']
[0.330s] Level 1:colcon.colcon_core.package_identification:_identify(.) by extension 'python_setup_py'
[0.330s] Level 1:colcon.colcon_core.package_identification:_identify(autonomous_nav) by extensions ['ignore', 'ignore_ament_install']
[0.331s] Level 1:colcon.colcon_core.package_identification:_identify(autonomous_nav) by extension 'ignore'
[0.331s] Level 1:colcon.colcon_core.package_identification:_identify(autonomous_nav) by extension 'ignore_ament_install'
[0.331s] Level 1:colcon.colcon_core.package_identification:_identify(autonomous_nav) by extensions ['colcon_pkg']
[0.331s] Level 1:colcon.colcon_core.package_identification:_identify(autonomous_nav) by extension 'colcon_pkg'
[0.331s] Level 1:colcon.colcon_core.package_identification:_identify(autonomous_nav) by extensions ['colcon_meta']
[0.331s] Level 1:colcon.colcon_core.package_identification:_identify(autonomous_nav) by extension 'colcon_meta'
[0.331s] Level 1:colcon.colcon_core.package_identification:_identify(autonomous_nav) by extensions ['ros']
[0.331s] Level 1:colcon.colcon_core.package_identification:_identify(autonomous_nav) by extension 'ros'
[0.356s] DEBUG:colcon.colcon_core.package_identification:Package 'autonomous_nav' with type 'ros.ament_python' and name 'autonomous_nav'
[0.356s] Level 1:colcon.colcon_core.package_identification:_identify(build) by extensions ['ignore', 'ignore_ament_install']
[0.357s] Level 1:colcon.colcon_core.package_identification:_identify(build) by extension 'ignore'
[0.357s] Level 1:colcon.colcon_core.package_identification:_identify(build) ignored
[0.357s] Level 1:colcon.colcon_core.package_identification:_identify(hand_solo_arm) by extensions ['ignore', 'ignore_ament_install']
[0.357s] Level 1:colcon.colcon_core.package_identification:_identify(hand_solo_arm) by extension 'ignore'
[0.357s] Level 1:colcon.colcon_core.package_identification:_identify(hand_solo_arm) by extension 'ignore_ament_install'
[0.357s] Level 1:colcon.colcon_core.package_identification:_identify(hand_solo_arm) by extensions ['colcon_pkg']
[0.357s] Level 1:colcon.colcon_core.package_identification:_identify(hand_solo_arm) by extension 'colcon_pkg'
[0.357s] Level 1:colcon.colcon_core.package_identification:_identify(hand_solo_arm) by extensions ['colcon_meta']
[0.357s] Level 1:colcon.colcon_core.package_identification:_identify(hand_solo_arm) by extension 'colcon_meta'
[0.357s] Level 1:colcon.colcon_core.package_identification:_identify(hand_solo_arm) by extensions ['ros']
[0.357s] Level 1:colcon.colcon_core.package_identification:_identify(hand_solo_arm) by extension 'ros'
[0.358s] DEBUG:colcon.colcon_core.package_identification:Package 'hand_solo_arm' with type 'ros.ament_python' and name 'hand_solo_arm'
[0.358s] Level 1:colcon.colcon_core.package_identification:_identify(hand_solo_virtual_nav) by extensions ['ignore', 'ignore_ament_install']
[0.358s] Level 1:colcon.colcon_core.package_identification:_identify(hand_solo_virtual_nav) by extension 'ignore'
[0.358s] Level 1:colcon.colcon_core.package_identification:_identify(hand_solo_virtual_nav) by extension 'ignore_ament_install'
[0.358s] Level 1:colcon.colcon_core.package_identification:_identify(hand_solo_virtual_nav) by extensions ['colcon_pkg']
[0.358s] Level 1:colcon.colcon_core.package_identification:_identify(hand_solo_virtual_nav) by extension 'colcon_pkg'
[0.358s] Level 1:colcon.colcon_core.package_identification:_identify(hand_solo_virtual_nav) by extensions ['colcon_meta']
[0.358s] Level 1:colcon.colcon_core.package_identification:_identify(hand_solo_virtual_nav) by extension 'colcon_meta'
[0.358s] Level 1:colcon.colcon_core.package_identification:_identify(hand_solo_virtual_nav) by extensions ['ros']
[0.358s] Level 1:colcon.colcon_core.package_identification:_identify(hand_solo_virtual_nav) by extension 'ros'
[0.359s] DEBUG:colcon.colcon_core.package_identification:Package 'hand_solo_virtual_nav' with type 'ros.ament_python' and name 'hand_solo_virtual_nav'
[0.359s] Level 1:colcon.colcon_core.package_identification:_identify(install) by extensions ['ignore', 'ignore_ament_install']
[0.359s] Level 1:colcon.colcon_core.package_identification:_identify(install) by extension 'ignore'
[0.359s] Level 1:colcon.colcon_core.package_identification:_identify(install) ignored
[0.359s] Level 1:colcon.colcon_core.package_identification:_identify(log) by extensions ['ignore', 'ignore_ament_install']
[0.359s] Level 1:colcon.colcon_core.package_identification:_identify(log) by extension 'ignore'
[0.359s] Level 1:colcon.colcon_core.package_identification:_identify(log) ignored
[0.359s] Level 1:colcon.colcon_core.package_identification:_identify(pa_warehouse_status) by extensions ['ignore', 'ignore_ament_install']
[0.359s] Level 1:colcon.colcon_core.package_identification:_identify(pa_warehouse_status) by extension 'ignore'
[0.359s] Level 1:colcon.colcon_core.package_identification:_identify(pa_warehouse_status) by extension 'ignore_ament_install'
[0.359s] Level 1:colcon.colcon_core.package_identification:_identify(pa_warehouse_status) by extensions ['colcon_pkg']
[0.359s] Level 1:colcon.colcon_core.package_identification:_identify(pa_warehouse_status) by extension 'colcon_pkg'
[0.359s] Level 1:colcon.colcon_core.package_identification:_identify(pa_warehouse_status) by extensions ['colcon_meta']
[0.359s] Level 1:colcon.colcon_core.package_identification:_identify(pa_warehouse_status) by extension 'colcon_meta'
[0.359s] Level 1:colcon.colcon_core.package_identification:_identify(pa_warehouse_status) by extensions ['ros']
[0.359s] Level 1:colcon.colcon_core.package_identification:_identify(pa_warehouse_status) by extension 'ros'
[0.360s] DEBUG:colcon.colcon_core.package_identification:Package 'pa_warehouse_status' with type 'ros.ament_python' and name 'pa_warehouse_status'
[0.360s] Level 1:colcon.colcon_core.package_discovery:discover_packages(recursive) using defaults
[0.360s] Level 1:colcon.colcon_core.package_discovery:discover_packages(ignore) discover
[0.360s] Level 1:colcon.colcon_core.package_discovery:discover_packages(ignore) using defaults
[0.360s] Level 1:colcon.colcon_core.package_discovery:discover_packages(path) discover
[0.360s] Level 1:colcon.colcon_core.package_discovery:discover_packages(path) using defaults
[0.385s] Level 1:colcon.colcon_core.package_discovery:discover_packages(prefix_path) check parameters
[0.386s] Level 1:colcon.colcon_core.package_discovery:discover_packages(prefix_path) discover
[0.390s] DEBUG:colcon.colcon_installed_package_information.package_discovery:Found 4 installed packages in /home/student/irslab_ws/src/IRS_2025_Group_4/install
[0.391s] DEBUG:colcon.colcon_installed_package_information.package_discovery:Found 24 installed packages in /home/student/irslab_ws/src/install
[0.393s] DEBUG:colcon.colcon_installed_package_information.package_discovery:Found 362 installed packages in /opt/ros/humble
[0.395s] Level 1:colcon.colcon_core.package_discovery:discover_packages(prefix_path) using defaults
[0.434s] Level 5:colcon.colcon_core.verb:set package 'autonomous_nav' build argument 'cmake_args' from command line to 'None'
[0.434s] Level 5:colcon.colcon_core.verb:set package 'autonomous_nav' build argument 'cmake_target' from command line to 'None'
[0.434s] Level 5:colcon.colcon_core.verb:set package 'autonomous_nav' build argument 'cmake_target_skip_unavailable' from command line to 'False'
[0.434s] Level 5:colcon.colcon_core.verb:set package 'autonomous_nav' build argument 'cmake_clean_cache' from command line to 'False'
[0.434s] Level 5:colcon.colcon_core.verb:set package 'autonomous_nav' build argument 'cmake_clean_first' from command line to 'False'
[0.434s] Level 5:colcon.colcon_core.verb:set package 'autonomous_nav' build argument 'cmake_force_configure' from command line to 'False'
[0.434s] Level 5:colcon.colcon_core.verb:set package 'autonomous_nav' build argument 'ament_cmake_args' from command line to 'None'
[0.434s] Level 5:colcon.colcon_core.verb:set package 'autonomous_nav' build argument 'catkin_cmake_args' from command line to 'None'
[0.434s] Level 5:colcon.colcon_core.verb:set package 'autonomous_nav' build argument 'catkin_skip_building_tests' from command line to 'False'
[0.434s] DEBUG:colcon.colcon_core.verb:Building package 'autonomous_nav' with the following arguments: {'ament_cmake_args': None, 'build_base': '/home/student/irslab_ws/src/IRS_2025_Group_4/build/autonomous_nav', 'catkin_cmake_args': None, 'catkin_skip_building_tests': False, 'cmake_args': None, 'cmake_clean_cache': False, 'cmake_clean_first': False, 'cmake_force_configure': False, 'cmake_target': None, 'cmake_target_skip_unavailable': False, 'install_base': '/home/student/irslab_ws/src/IRS_2025_Group_4/install/autonomous_nav', 'merge_install': False, 'path': '/home/student/irslab_ws/src/IRS_2025_Group_4/autonomous_nav', 'symlink_install': False, 'test_result_base': None}
[0.435s] Level 5:colcon.colcon_core.verb:set package 'hand_solo_arm' build argument 'cmake_args' from command line to 'None'
[0.435s] Level 5:colcon.colcon_core.verb:set package 'hand_solo_arm' build argument 'cmake_target' from command line to 'None'
[0.435s] Level 5:colcon.colcon_core.verb:set package 'hand_solo_arm' build argument 'cmake_target_skip_unavailable' from command line to 'False'
[0.435s] Level 5:colcon.colcon_core.verb:set package 'hand_solo_arm' build argument 'cmake_clean_cache' from command line to 'False'
[0.435s] Level 5:colcon.colcon_core.verb:set package 'hand_solo_arm' build argument 'cmake_clean_first' from command line to 'False'
[0.435s] Level 5:colcon.colcon_core.verb:set package 'hand_solo_arm' build argument 'cmake_force_configure' from command line to 'False'
[0.435s] Level 5:colcon.colcon_core.verb:set package 'hand_solo_arm' build argument 'ament_cmake_args' from command line to 'None'
[0.435s] Level 5:colcon.colcon_core.verb:set package 'hand_solo_arm' build argument 'catkin_cmake_args' from command line to 'None'
[0.435s] Level 5:colcon.colcon_core.verb:set package 'hand_solo_arm' build argument 'catkin_skip_building_tests' from command line to 'False'
[0.435s] DEBUG:colcon.colcon_core.verb:Building package 'hand_solo_arm' with the following arguments: {'ament_cmake_args': None, 'build_base': '/home/student/irslab_ws/src/IRS_2025_Group_4/build/hand_solo_arm', 'catkin_cmake_args': None, 'catkin_skip_building_tests': False, 'cmake_args': None, 'cmake_clean_cache': False, 'cmake_clean_first': False, 'cmake_force_configure': False, 'cmake_target': None, 'cmake_target_skip_unavailable': False, 'install_base': '/home/student/irslab_ws/src/IRS_2025_Group_4/install/hand_solo_arm', 'merge_install': False, 'path': '/home/student/irslab_ws/src/IRS_2025_Group_4/hand_solo_arm', 'symlink_install': False, 'test_result_base': None}
[0.435s] Level 5:colcon.colcon_core.verb:set package 'hand_solo_virtual_nav' build argument 'cmake_args' from command line to 'None'
[0.435s] Level 5:colcon.colcon_core.verb:set package 'hand_solo_virtual_nav' build argument 'cmake_target' from command line to 'None'
[0.435s] Level 5:colcon.colcon_core.verb:set package 'hand_solo_virtual_nav' build argument 'cmake_target_skip_unavailable' from command line to 'False'
[0.435s] Level 5:colcon.colcon_core.verb:set package 'hand_solo_virtual_nav' build argument 'cmake_clean_cache' from command line to 'False'
[0.435s] Level 5:colcon.colcon_core.verb:set package 'hand_solo_virtual_nav' build argument 'cmake_clean_first' from command line to 'False'
[0.435s] Level 5:colcon.colcon_core.verb:set package 'hand_solo_virtual_nav' build argument 'cmake_force_configure' from command line to 'False'
[0.435s] Level 5:colcon.colcon_core.verb:set package 'hand_solo_virtual_nav' build argument 'ament_cmake_args' from command line to 'None'
[0.435s] Level 5:colcon.colcon_core.verb:set package 'hand_solo_virtual_nav' build argument 'catkin_cmake_args' from command line to 'None'
[0.435s] Level 5:colcon.colcon_core.verb:set package 'hand_solo_virtual_nav' build argument 'catkin_skip_building_tests' from command line to 'False'
[0.435s] DEBUG:colcon.colcon_core.verb:Building package 'hand_solo_virtual_nav' with the following arguments: {'ament_cmake_args': None, 'build_base': '/home/student/irslab_ws/src/IRS_2025_Group_4/build/hand_solo_virtual_nav', 'catkin_cmake_args': None, 'catkin_skip_building_tests': False, 'cmake_args': None, 'cmake_clean_cache': False, 'cmake_clean_first': False, 'cmake_force_configure': False, 'cmake_target': None, 'cmake_target_skip_unavailable': False, 'install_base': '/home/student/irslab_ws/src/IRS_2025_Group_4/install/hand_solo_virtual_nav', 'merge_install': False, 'path': '/home/student/irslab_ws/src/IRS_2025_Group_4/hand_solo_virtual_nav', 'symlink_install': False, 'test_result_base': None}
[0.435s] Level 5:colcon.colcon_core.verb:set package 'pa_warehouse_status' build argument 'cmake_args' from command line to 'None'
[0.435s] Level 5:colcon.colcon_core.verb:set package 'pa_warehouse_status' build argument 'cmake_target' from command line to 'None'
[0.435s] Level 5:colcon.colcon_core.verb:set package 'pa_warehouse_status' build argument 'cmake_target_skip_unavailable' from command line to 'False'
[0.435s] Level 5:colcon.colcon_core.verb:set package 'pa_warehouse_status' build argument 'cmake_clean_cache' from command line to 'False'
[0.435s] Level 5:colcon.colcon_core.verb:set package 'pa_warehouse_status' build argument 'cmake_clean_first' from command line to 'False'
[0.435s] Level 5:colcon.colcon_core.verb:set package 'pa_warehouse_status' build argument 'cmake_force_configure' from command line to 'False'
[0.435s] Level 5:colcon.colcon_core.verb:set package 'pa_warehouse_status' build argument 'ament_cmake_args' from command line to 'None'
[0.435s] Level 5:colcon.colcon_core.verb:set package 'pa_warehouse_status' build argument 'catkin_cmake_args' from command line to 'None'
[0.435s] Level 5:colcon.colcon_core.verb:set package 'pa_warehouse_status' build argument 'catkin_skip_building_tests' from command line to 'False'
[0.435s] DEBUG:colcon.colcon_core.verb:Building package 'pa_warehouse_status' with the following arguments: {'ament_cmake_args': None, 'build_base': '/home/student/irslab_ws/src/IRS_2025_Group_4/build/pa_warehouse_status', 'catkin_cmake_args': None, 'catkin_skip_building_tests': False, 'cmake_args': None, 'cmake_clean_cache': False, 'cmake_clean_first': False, 'cmake_force_configure': False, 'cmake_target': None, 'cmake_target_skip_unavailable': False, 'install_base': '/home/student/irslab_ws/src/IRS_2025_Group_4/install/pa_warehouse_status', 'merge_install': False, 'path': '/home/student/irslab_ws/src/IRS_2025_Group_4/pa_warehouse_status', 'symlink_install': False, 'test_result_base': None}
[0.436s] INFO:colcon.colcon_core.executor:Executing jobs using 'parallel' executor
[0.437s] DEBUG:colcon.colcon_parallel_executor.executor.parallel:run_until_complete
[0.437s] INFO:colcon.colcon_ros.task.ament_python.build:Building ROS package in '/home/student/irslab_ws/src/IRS_2025_Group_4/autonomous_nav' with build type 'ament_python'
[0.437s] Level 1:colcon.colcon_core.shell:create_environment_hook('autonomous_nav', 'ament_prefix_path')
[0.439s] INFO:colcon.colcon_core.plugin_system:Skipping extension 'colcon_core.shell.bat': Not used on non-Windows systems
[0.439s] INFO:colcon.colcon_core.shell:Creating environment hook '/home/student/irslab_ws/src/IRS_2025_Group_4/install/autonomous_nav/share/autonomous_nav/hook/ament_prefix_path.ps1'
[0.441s] INFO:colcon.colcon_core.shell:Creating environment descriptor '/home/student/irslab_ws/src/IRS_2025_Group_4/install/autonomous_nav/share/autonomous_nav/hook/ament_prefix_path.dsv'
[0.442s] INFO:colcon.colcon_core.shell:Creating environment hook '/home/student/irslab_ws/src/IRS_2025_Group_4/install/autonomous_nav/share/autonomous_nav/hook/ament_prefix_path.sh'
[0.444s] INFO:colcon.colcon_core.shell:Skip shell extension 'powershell' for command environment: Not usable outside of PowerShell
[0.444s] DEBUG:colcon.colcon_core.shell:Skip shell extension 'dsv' for command environment
[0.453s] INFO:colcon.colcon_ros.task.ament_python.build:Building ROS package in '/home/student/irslab_ws/src/IRS_2025_Group_4/hand_solo_arm' with build type 'ament_python'
[0.453s] Level 1:colcon.colcon_core.shell:create_environment_hook('hand_solo_arm', 'ament_prefix_path')
[0.453s] INFO:colcon.colcon_core.shell:Creating environment hook '/home/student/irslab_ws/src/IRS_2025_Group_4/install/hand_solo_arm/share/hand_solo_arm/hook/ament_prefix_path.ps1'
[0.454s] INFO:colcon.colcon_core.shell:Creating environment descriptor '/home/student/irslab_ws/src/IRS_2025_Group_4/install/hand_solo_arm/share/hand_solo_arm/hook/ament_prefix_path.dsv'
[0.455s] INFO:colcon.colcon_core.shell:Creating environment hook '/home/student/irslab_ws/src/IRS_2025_Group_4/install/hand_solo_arm/share/hand_solo_arm/hook/ament_prefix_path.sh'
[0.456s] INFO:colcon.colcon_core.shell:Skip shell extension 'powershell' for command environment: Not usable outside of PowerShell
[0.456s] DEBUG:colcon.colcon_core.shell:Skip shell extension 'dsv' for command environment
[0.463s] INFO:colcon.colcon_ros.task.ament_python.build:Building ROS package in '/home/student/irslab_ws/src/IRS_2025_Group_4/hand_solo_virtual_nav' with build type 'ament_python'
[0.463s] Level 1:colcon.colcon_core.shell:create_environment_hook('hand_solo_virtual_nav', 'ament_prefix_path')
[0.463s] INFO:colcon.colcon_core.shell:Creating environment hook '/home/student/irslab_ws/src/IRS_2025_Group_4/install/hand_solo_virtual_nav/share/hand_solo_virtual_nav/hook/ament_prefix_path.ps1'
[0.464s] INFO:colcon.colcon_core.shell:Creating environment descriptor '/home/student/irslab_ws/src/IRS_2025_Group_4/install/hand_solo_virtual_nav/share/hand_solo_virtual_nav/hook/ament_prefix_path.dsv'
[0.464s] INFO:colcon.colcon_core.shell:Creating environment hook '/home/student/irslab_ws/src/IRS_2025_Group_4/install/hand_solo_virtual_nav/share/hand_solo_virtual_nav/hook/ament_prefix_path.sh'
[0.466s] INFO:colcon.colcon_core.shell:Skip shell extension 'powershell' for command environment: Not usable outside of PowerShell
[0.466s] DEBUG:colcon.colcon_core.shell:Skip shell extension 'dsv' for command environment
[0.475s] INFO:colcon.colcon_ros.task.ament_python.build:Building ROS package in '/home/student/irslab_ws/src/IRS_2025_Group_4/pa_warehouse_status' with build type 'ament_python'
[0.476s] Level 1:colcon.colcon_core.shell:create_environment_hook('pa_warehouse_status', 'ament_prefix_path')
[0.476s] INFO:colcon.colcon_core.shell:Creating environment hook '/home/student/irslab_ws/src/IRS_2025_Group_4/install/pa_warehouse_status/share/pa_warehouse_status/hook/ament_prefix_path.ps1'
[0.477s] INFO:colcon.colcon_core.shell:Creating environment descriptor '/home/student/irslab_ws/src/IRS_2025_Group_4/install/pa_warehouse_status/share/pa_warehouse_status/hook/ament_prefix_path.dsv'
[0.478s] INFO:colcon.colcon_core.shell:Creating environment hook '/home/student/irslab_ws/src/IRS_2025_Group_4/install/pa_warehouse_status/share/pa_warehouse_status/hook/ament_prefix_path.sh'
[0.479s] INFO:colcon.colcon_core.shell:Skip shell extension 'powershell' for command environment: Not usable outside of PowerShell
[0.479s] DEBUG:colcon.colcon_core.shell:Skip shell extension 'dsv' for command environment
[0.781s] INFO:colcon.colcon_core.task.python.build:Building Python package in '/home/student/irslab_ws/src/IRS_2025_Group_4/autonomous_nav'
[0.781s] INFO:colcon.colcon_core.shell:Skip shell extension 'powershell' for command environment: Not usable outside of PowerShell
[0.781s] DEBUG:colcon.colcon_core.shell:Skip shell extension 'dsv' for command environment
[1.110s] INFO:colcon.colcon_core.task.python.build:Building Python package in '/home/student/irslab_ws/src/IRS_2025_Group_4/hand_solo_arm'
[1.110s] INFO:colcon.colcon_core.shell:Skip shell extension 'powershell' for command environment: Not usable outside of PowerShell
[1.110s] DEBUG:colcon.colcon_core.shell:Skip shell extension 'dsv' for command environment
[1.445s] INFO:colcon.colcon_core.task.python.build:Building Python package in '/home/student/irslab_ws/src/IRS_2025_Group_4/hand_solo_virtual_nav'
[1.445s] INFO:colcon.colcon_core.shell:Skip shell extension 'powershell' for command environment: Not usable outside of PowerShell
[1.445s] DEBUG:colcon.colcon_core.shell:Skip shell extension 'dsv' for command environment
[1.741s] INFO:colcon.colcon_core.task.python.build:Building Python package in '/home/student/irslab_ws/src/IRS_2025_Group_4/pa_warehouse_status'
[1.742s] INFO:colcon.colcon_core.shell:Skip shell extension 'powershell' for command environment: Not usable outside of PowerShell
[1.742s] DEBUG:colcon.colcon_core.shell:Skip shell extension 'dsv' for command environment
[2.305s] DEBUG:colcon.colcon_core.event_handler.log_command:Invoking command in '/home/student/irslab_ws/src/IRS_2025_Group_4/hand_solo_virtual_nav': PYTHONPATH=/home/student/irslab_ws/src/IRS_2025_Group_4/build/hand_solo_virtual_nav/prefix_override:/usr/lib/python3/dist-packages/colcon_core/task/python/colcon_distutils_commands:/home/student/irslab_ws/src/IRS_2025_Group_4/install/hand_solo_virtual_nav/lib/python3.10/site-packages:${PYTHONPATH} /usr/bin/python3 -W ignore:setup.py install is deprecated -W ignore:easy_install command is deprecated setup.py egg_info --egg-base ../build/hand_solo_virtual_nav build --build-base /home/student/irslab_ws/src/IRS_2025_Group_4/build/hand_solo_virtual_nav/build install --record /home/student/irslab_ws/src/IRS_2025_Group_4/build/hand_solo_virtual_nav/install.log --single-version-externally-managed install_data
[2.474s] DEBUG:colcon.colcon_core.event_handler.log_command:Invoking command in '/home/student/irslab_ws/src/IRS_2025_Group_4/pa_warehouse_status': PYTHONPATH=/home/student/irslab_ws/src/IRS_2025_Group_4/build/pa_warehouse_status/prefix_override:/usr/lib/python3/dist-packages/colcon_core/task/python/colcon_distutils_commands:/home/student/irslab_ws/src/IRS_2025_Group_4/install/pa_warehouse_status/lib/python3.10/site-packages:${PYTHONPATH} /usr/bin/python3 -W ignore:setup.py install is deprecated -W ignore:easy_install command is deprecated setup.py egg_info --egg-base ../build/pa_warehouse_status build --build-base /home/student/irslab_ws/src/IRS_2025_Group_4/build/pa_warehouse_status/build install --record /home/student/irslab_ws/src/IRS_2025_Group_4/build/pa_warehouse_status/install.log --single-version-externally-managed install_data
[2.481s] DEBUG:colcon.colcon_core.event_handler.log_command:Invoking command in '/home/student/irslab_ws/src/IRS_2025_Group_4/hand_solo_arm': PYTHONPATH=/home/student/irslab_ws/src/IRS_2025_Group_4/build/hand_solo_arm/prefix_override:/usr/lib/python3/dist-packages/colcon_core/task/python/colcon_distutils_commands:/home/student/irslab_ws/src/IRS_2025_Group_4/install/hand_solo_arm/lib/python3.10/site-packages:${PYTHONPATH} /usr/bin/python3 -W ignore:setup.py install is deprecated -W ignore:easy_install command is deprecated setup.py egg_info --egg-base ../build/hand_solo_arm build --build-base /home/student/irslab_ws/src/IRS_2025_Group_4/build/hand_solo_arm/build install --record /home/student/irslab_ws/src/IRS_2025_Group_4/build/hand_solo_arm/install.log --single-version-externally-managed install_data
[2.485s] DEBUG:colcon.colcon_core.event_handler.log_command:Invoking command in '/home/student/irslab_ws/src/IRS_2025_Group_4/autonomous_nav': PYTHONPATH=/home/student/irslab_ws/src/IRS_2025_Group_4/build/autonomous_nav/prefix_override:/usr/lib/python3/dist-packages/colcon_core/task/python/colcon_distutils_commands:/home/student/irslab_ws/src/IRS_2025_Group_4/install/autonomous_nav/lib/python3.10/site-packages:${PYTHONPATH} /usr/bin/python3 -W ignore:setup.py install is deprecated -W ignore:easy_install command is deprecated setup.py egg_info --egg-base ../build/autonomous_nav build --build-base /home/student/irslab_ws/src/IRS_2025_Group_4/build/autonomous_nav/build install --record /home/student/irslab_ws/src/IRS_2025_Group_4/build/autonomous_nav/install.log --single-version-externally-managed install_data
[2.821s] DEBUG:colcon.colcon_core.event_handler.log_command:Invoked command in '/home/student/irslab_ws/src/IRS_2025_Group_4/hand_solo_virtual_nav' returned '0': PYTHONPATH=/home/student/irslab_ws/src/IRS_2025_Group_4/build/hand_solo_virtual_nav/prefix_override:/usr/lib/python3/dist-packages/colcon_core/task/python/colcon_distutils_commands:/home/student/irslab_ws/src/IRS_2025_Group_4/install/hand_solo_virtual_nav/lib/python3.10/site-packages:${PYTHONPATH} /usr/bin/python3 -W ignore:setup.py install is deprecated -W ignore:easy_install command is deprecated setup.py egg_info --egg-base ../build/hand_solo_virtual_nav build --build-base /home/student/irslab_ws/src/IRS_2025_Group_4/build/hand_solo_virtual_nav/build install --record /home/student/irslab_ws/src/IRS_2025_Group_4/build/hand_solo_virtual_nav/install.log --single-version-externally-managed install_data
[2.827s] Level 1:colcon.colcon_core.environment:checking '/home/student/irslab_ws/src/IRS_2025_Group_4/install/hand_solo_virtual_nav' for CMake module files
[2.828s] Level 1:colcon.colcon_core.environment:checking '/home/student/irslab_ws/src/IRS_2025_Group_4/install/hand_solo_virtual_nav' for CMake config files
[2.831s] Level 1:colcon.colcon_core.environment:checking '/home/student/irslab_ws/src/IRS_2025_Group_4/install/hand_solo_virtual_nav/lib'
[2.831s] Level 1:colcon.colcon_core.environment:checking '/home/student/irslab_ws/src/IRS_2025_Group_4/install/hand_solo_virtual_nav/bin'
[2.831s] Level 1:colcon.colcon_core.environment:checking '/home/student/irslab_ws/src/IRS_2025_Group_4/install/hand_solo_virtual_nav/lib/pkgconfig/hand_solo_virtual_nav.pc'
[2.832s] Level 1:colcon.colcon_core.environment:checking '/home/student/irslab_ws/src/IRS_2025_Group_4/install/hand_solo_virtual_nav/lib/python3.10/site-packages'
[2.832s] Level 1:colcon.colcon_core.shell:create_environment_hook('hand_solo_virtual_nav', 'pythonpath')
[2.833s] INFO:colcon.colcon_core.shell:Creating environment hook '/home/student/irslab_ws/src/IRS_2025_Group_4/install/hand_solo_virtual_nav/share/hand_solo_virtual_nav/hook/pythonpath.ps1'
[2.834s] INFO:colcon.colcon_core.shell:Creating environment descriptor '/home/student/irslab_ws/src/IRS_2025_Group_4/install/hand_solo_virtual_nav/share/hand_solo_virtual_nav/hook/pythonpath.dsv'
[2.835s] INFO:colcon.colcon_core.shell:Creating environment hook '/home/student/irslab_ws/src/IRS_2025_Group_4/install/hand_solo_virtual_nav/share/hand_solo_virtual_nav/hook/pythonpath.sh'
[2.837s] Level 1:colcon.colcon_core.environment:checking '/home/student/irslab_ws/src/IRS_2025_Group_4/install/hand_solo_virtual_nav/bin'
[2.837s] Level 1:colcon.colcon_core.environment:create_environment_scripts_only(hand_solo_virtual_nav)
[2.837s] INFO:colcon.colcon_core.shell:Creating package script '/home/student/irslab_ws/src/IRS_2025_Group_4/install/hand_solo_virtual_nav/share/hand_solo_virtual_nav/package.ps1'
[2.840s] INFO:colcon.colcon_core.shell:Creating package descriptor '/home/student/irslab_ws/src/IRS_2025_Group_4/install/hand_solo_virtual_nav/share/hand_solo_virtual_nav/package.dsv'
[2.842s] INFO:colcon.colcon_core.shell:Creating package script '/home/student/irslab_ws/src/IRS_2025_Group_4/install/hand_solo_virtual_nav/share/hand_solo_virtual_nav/package.sh'
[2.844s] INFO:colcon.colcon_core.shell:Creating package script '/home/student/irslab_ws/src/IRS_2025_Group_4/install/hand_solo_virtual_nav/share/hand_solo_virtual_nav/package.bash'
[2.846s] INFO:colcon.colcon_core.shell:Creating package script '/home/student/irslab_ws/src/IRS_2025_Group_4/install/hand_solo_virtual_nav/share/hand_solo_virtual_nav/package.zsh'
[2.847s] Level 1:colcon.colcon_core.environment:create_file_with_runtime_dependencies(/home/student/irslab_ws/src/IRS_2025_Group_4/install/hand_solo_virtual_nav/share/colcon-core/packages/hand_solo_virtual_nav)
[2.947s] Level 1:colcon.colcon_core.environment:checking '/home/student/irslab_ws/src/IRS_2025_Group_4/install/pa_warehouse_status' for CMake module files
[2.948s] DEBUG:colcon.colcon_core.event_handler.log_command:Invoked command in '/home/student/irslab_ws/src/IRS_2025_Group_4/pa_warehouse_status' returned '0': PYTHONPATH=/home/student/irslab_ws/src/IRS_2025_Group_4/build/pa_warehouse_status/prefix_override:/usr/lib/python3/dist-packages/colcon_core/task/python/colcon_distutils_commands:/home/student/irslab_ws/src/IRS_2025_Group_4/install/pa_warehouse_status/lib/python3.10/site-packages:${PYTHONPATH} /usr/bin/python3 -W ignore:setup.py install is deprecated -W ignore:easy_install command is deprecated setup.py egg_info --egg-base ../build/pa_warehouse_status build --build-base /home/student/irslab_ws/src/IRS_2025_Group_4/build/pa_warehouse_status/build install --record /home/student/irslab_ws/src/IRS_2025_Group_4/build/pa_warehouse_status/install.log --single-version-externally-managed install_data
[2.948s] Level 1:colcon.colcon_core.environment:checking '/home/student/irslab_ws/src/IRS_2025_Group_4/install/pa_warehouse_status' for CMake config files
[2.949s] Level 1:colcon.colcon_core.environment:checking '/home/student/irslab_ws/src/IRS_2025_Group_4/install/pa_warehouse_status/lib'
[2.949s] Level 1:colcon.colcon_core.environment:checking '/home/student/irslab_ws/src/IRS_2025_Group_4/install/pa_warehouse_status/bin'
[2.949s] Level 1:colcon.colcon_core.environment:checking '/home/student/irslab_ws/src/IRS_2025_Group_4/install/pa_warehouse_status/lib/pkgconfig/pa_warehouse_status.pc'
[2.949s] Level 1:colcon.colcon_core.environment:checking '/home/student/irslab_ws/src/IRS_2025_Group_4/install/pa_warehouse_status/lib/python3.10/site-packages'
[2.949s] Level 1:colcon.colcon_core.shell:create_environment_hook('pa_warehouse_status', 'pythonpath')
[2.950s] INFO:colcon.colcon_core.shell:Creating environment hook '/home/student/irslab_ws/src/IRS_2025_Group_4/install/pa_warehouse_status/share/pa_warehouse_status/hook/pythonpath.ps1'
[2.951s] INFO:colcon.colcon_core.shell:Creating environment descriptor '/home/student/irslab_ws/src/IRS_2025_Group_4/install/pa_warehouse_status/share/pa_warehouse_status/hook/pythonpath.dsv'
[2.953s] INFO:colcon.colcon_core.shell:Creating environment hook '/home/student/irslab_ws/src/IRS_2025_Group_4/install/pa_warehouse_status/share/pa_warehouse_status/hook/pythonpath.sh'
[2.955s] Level 1:colcon.colcon_core.environment:checking '/home/student/irslab_ws/src/IRS_2025_Group_4/install/pa_warehouse_status/bin'
[2.955s] Level 1:colcon.colcon_core.environment:create_environment_scripts_only(pa_warehouse_status)
[2.956s] INFO:colcon.colcon_core.shell:Creating package script '/home/student/irslab_ws/src/IRS_2025_Group_4/install/pa_warehouse_status/share/pa_warehouse_status/package.ps1'
[2.957s] INFO:colcon.colcon_core.shell:Creating package descriptor '/home/student/irslab_ws/src/IRS_2025_Group_4/install/pa_warehouse_status/share/pa_warehouse_status/package.dsv'
[2.958s] INFO:colcon.colcon_core.shell:Creating package script '/home/student/irslab_ws/src/IRS_2025_Group_4/install/pa_warehouse_status/share/pa_warehouse_status/package.sh'
[2.960s] INFO:colcon.colcon_core.shell:Creating package script '/home/student/irslab_ws/src/IRS_2025_Group_4/install/pa_warehouse_status/share/pa_warehouse_status/package.bash'
[2.961s] INFO:colcon.colcon_core.shell:Creating package script '/home/student/irslab_ws/src/IRS_2025_Group_4/install/pa_warehouse_status/share/pa_warehouse_status/package.zsh'
[2.962s] Level 1:colcon.colcon_core.environment:create_file_with_runtime_dependencies(/home/student/irslab_ws/src/IRS_2025_Group_4/install/pa_warehouse_status/share/colcon-core/packages/pa_warehouse_status)
[2.975s] Level 1:colcon.colcon_core.environment:checking '/home/student/irslab_ws/src/IRS_2025_Group_4/install/autonomous_nav' for CMake module files
[2.976s] DEBUG:colcon.colcon_core.event_handler.log_command:Invoked command in '/home/student/irslab_ws/src/IRS_2025_Group_4/autonomous_nav' returned '0': PYTHONPATH=/home/student/irslab_ws/src/IRS_2025_Group_4/build/autonomous_nav/prefix_override:/usr/lib/python3/dist-packages/colcon_core/task/python/colcon_distutils_commands:/home/student/irslab_ws/src/IRS_2025_Group_4/install/autonomous_nav/lib/python3.10/site-packages:${PYTHONPATH} /usr/bin/python3 -W ignore:setup.py install is deprecated -W ignore:easy_install command is deprecated setup.py egg_info --egg-base ../build/autonomous_nav build --build-base /home/student/irslab_ws/src/IRS_2025_Group_4/build/autonomous_nav/build install --record /home/student/irslab_ws/src/IRS_2025_Group_4/build/autonomous_nav/install.log --single-version-externally-managed install_data
[2.976s] Level 1:colcon.colcon_core.environment:checking '/home/student/irslab_ws/src/IRS_2025_Group_4/install/autonomous_nav' for CMake config files
[2.977s] Level 1:colcon.colcon_core.environment:checking '/home/student/irslab_ws/src/IRS_2025_Group_4/install/autonomous_nav/lib'
[2.977s] Level 1:colcon.colcon_core.environment:checking '/home/student/irslab_ws/src/IRS_2025_Group_4/install/autonomous_nav/bin'
[2.977s] Level 1:colcon.colcon_core.environment:checking '/home/student/irslab_ws/src/IRS_2025_Group_4/install/autonomous_nav/lib/pkgconfig/autonomous_nav.pc'
[2.978s] Level 1:colcon.colcon_core.environment:checking '/home/student/irslab_ws/src/IRS_2025_Group_4/install/autonomous_nav/lib/python3.10/site-packages'
[2.978s] Level 1:colcon.colcon_core.shell:create_environment_hook('autonomous_nav', 'pythonpath')
[2.978s] INFO:colcon.colcon_core.shell:Creating environment hook '/home/student/irslab_ws/src/IRS_2025_Group_4/install/autonomous_nav/share/autonomous_nav/hook/pythonpath.ps1'
[2.979s] INFO:colcon.colcon_core.shell:Creating environment descriptor '/home/student/irslab_ws/src/IRS_2025_Group_4/install/autonomous_nav/share/autonomous_nav/hook/pythonpath.dsv'
[2.980s] INFO:colcon.colcon_core.shell:Creating environment hook '/home/student/irslab_ws/src/IRS_2025_Group_4/install/autonomous_nav/share/autonomous_nav/hook/pythonpath.sh'
[2.982s] Level 1:colcon.colcon_core.environment:checking '/home/student/irslab_ws/src/IRS_2025_Group_4/install/autonomous_nav/bin'
[2.982s] Level 1:colcon.colcon_core.environment:create_environment_scripts_only(autonomous_nav)
[2.983s] INFO:colcon.colcon_core.shell:Creating package script '/home/student/irslab_ws/src/IRS_2025_Group_4/install/autonomous_nav/share/autonomous_nav/package.ps1'
[2.984s] INFO:colcon.colcon_core.shell:Creating package descriptor '/home/student/irslab_ws/src/IRS_2025_Group_4/install/autonomous_nav/share/autonomous_nav/package.dsv'
[2.986s] INFO:colcon.colcon_core.shell:Creating package script '/home/student/irslab_ws/src/IRS_2025_Group_4/install/autonomous_nav/share/autonomous_nav/package.sh'
[2.987s] INFO:colcon.colcon_core.shell:Creating package script '/home/student/irslab_ws/src/IRS_2025_Group_4/install/autonomous_nav/share/autonomous_nav/package.bash'
[2.987s] INFO:colcon.colcon_core.shell:Creating package script '/home/student/irslab_ws/src/IRS_2025_Group_4/install/autonomous_nav/share/autonomous_nav/package.zsh'
[2.988s] Level 1:colcon.colcon_core.environment:create_file_with_runtime_dependencies(/home/student/irslab_ws/src/IRS_2025_Group_4/install/autonomous_nav/share/colcon-core/packages/autonomous_nav)
[3.069s] Level 1:colcon.colcon_core.environment:checking '/home/student/irslab_ws/src/IRS_2025_Group_4/install/hand_solo_arm' for CMake module files
[3.070s] DEBUG:colcon.colcon_core.event_handler.log_command:Invoked command in '/home/student/irslab_ws/src/IRS_2025_Group_4/hand_solo_arm' returned '0': PYTHONPATH=/home/student/irslab_ws/src/IRS_2025_Group_4/build/hand_solo_arm/prefix_override:/usr/lib/python3/dist-packages/colcon_core/task/python/colcon_distutils_commands:/home/student/irslab_ws/src/IRS_2025_Group_4/install/hand_solo_arm/lib/python3.10/site-packages:${PYTHONPATH} /usr/bin/python3 -W ignore:setup.py install is deprecated -W ignore:easy_install command is deprecated setup.py egg_info --egg-base ../build/hand_solo_arm build --build-base /home/student/irslab_ws/src/IRS_2025_Group_4/build/hand_solo_arm/build install --record /home/student/irslab_ws/src/IRS_2025_Group_4/build/hand_solo_arm/install.log --single-version-externally-managed install_data
[3.070s] Level 1:colcon.colcon_core.environment:checking '/home/student/irslab_ws/src/IRS_2025_Group_4/install/hand_solo_arm' for CMake config files
[3.071s] Level 1:colcon.colcon_core.environment:checking '/home/student/irslab_ws/src/IRS_2025_Group_4/install/hand_solo_arm/lib'
[3.071s] Level 1:colcon.colcon_core.environment:checking '/home/student/irslab_ws/src/IRS_2025_Group_4/install/hand_solo_arm/bin'
[3.071s] Level 1:colcon.colcon_core.environment:checking '/home/student/irslab_ws/src/IRS_2025_Group_4/install/hand_solo_arm/lib/pkgconfig/hand_solo_arm.pc'
[3.071s] Level 1:colcon.colcon_core.environment:checking '/home/student/irslab_ws/src/IRS_2025_Group_4/install/hand_solo_arm/lib/python3.10/site-packages'
[3.072s] Level 1:colcon.colcon_core.shell:create_environment_hook('hand_solo_arm', 'pythonpath')
[3.072s] INFO:colcon.colcon_core.shell:Creating environment hook '/home/student/irslab_ws/src/IRS_2025_Group_4/install/hand_solo_arm/share/hand_solo_arm/hook/pythonpath.ps1'
[3.073s] INFO:colcon.colcon_core.shell:Creating environment descriptor '/home/student/irslab_ws/src/IRS_2025_Group_4/install/hand_solo_arm/share/hand_solo_arm/hook/pythonpath.dsv'
[3.075s] INFO:colcon.colcon_core.shell:Creating environment hook '/home/student/irslab_ws/src/IRS_2025_Group_4/install/hand_solo_arm/share/hand_solo_arm/hook/pythonpath.sh'
[3.076s] Level 1:colcon.colcon_core.environment:checking '/home/student/irslab_ws/src/IRS_2025_Group_4/install/hand_solo_arm/bin'
[3.077s] Level 1:colcon.colcon_core.environment:create_environment_scripts_only(hand_solo_arm)
[3.077s] INFO:colcon.colcon_core.shell:Creating package script '/home/student/irslab_ws/src/IRS_2025_Group_4/install/hand_solo_arm/share/hand_solo_arm/package.ps1'
[3.078s] INFO:colcon.colcon_core.shell:Creating package descriptor '/home/student/irslab_ws/src/IRS_2025_Group_4/install/hand_solo_arm/share/hand_solo_arm/package.dsv'
[3.079s] INFO:colcon.colcon_core.shell:Creating package script '/home/student/irslab_ws/src/IRS_2025_Group_4/install/hand_solo_arm/share/hand_solo_arm/package.sh'
[3.079s] INFO:colcon.colcon_core.shell:Creating package script '/home/student/irslab_ws/src/IRS_2025_Group_4/install/hand_solo_arm/share/hand_solo_arm/package.bash'
[3.079s] INFO:colcon.colcon_core.shell:Creating package script '/home/student/irslab_ws/src/IRS_2025_Group_4/install/hand_solo_arm/share/hand_solo_arm/package.zsh'
[3.080s] Level 1:colcon.colcon_core.environment:create_file_with_runtime_dependencies(/home/student/irslab_ws/src/IRS_2025_Group_4/install/hand_solo_arm/share/colcon-core/packages/hand_solo_arm)
[3.080s] DEBUG:colcon.colcon_parallel_executor.executor.parallel:closing loop
[3.081s] DEBUG:colcon.colcon_parallel_executor.executor.parallel:loop closed
[3.081s] DEBUG:colcon.colcon_parallel_executor.executor.parallel:run_until_complete finished with '0'
[3.081s] DEBUG:colcon.colcon_core.event_reactor:joining thread
[3.090s] INFO:colcon.colcon_core.plugin_system:Skipping extension 'colcon_notification.desktop_notification.terminal_notifier': Not used on non-Darwin systems
[3.090s] INFO:colcon.colcon_core.plugin_system:Skipping extension 'colcon_notification.desktop_notification.win32': Not used on non-Windows systems
[3.090s] INFO:colcon.colcon_notification.desktop_notification:Sending desktop notification using 'notify2'
[3.095s] DEBUG:colcon.colcon_core.event_reactor:joined thread
[3.096s] INFO:colcon.colcon_core.shell:Creating prefix script '/home/student/irslab_ws/src/IRS_2025_Group_4/install/local_setup.ps1'
[3.098s] INFO:colcon.colcon_core.shell:Creating prefix util module '/home/student/irslab_ws/src/IRS_2025_Group_4/install/_local_setup_util_ps1.py'
[3.099s] INFO:colcon.colcon_core.shell:Creating prefix chain script '/home/student/irslab_ws/src/IRS_2025_Group_4/install/setup.ps1'
[3.102s] INFO:colcon.colcon_core.shell:Creating prefix script '/home/student/irslab_ws/src/IRS_2025_Group_4/install/local_setup.sh'
[3.103s] INFO:colcon.colcon_core.shell:Creating prefix util module '/home/student/irslab_ws/src/IRS_2025_Group_4/install/_local_setup_util_sh.py'
[3.104s] INFO:colcon.colcon_core.shell:Creating prefix chain script '/home/student/irslab_ws/src/IRS_2025_Group_4/install/setup.sh'
[3.108s] INFO:colcon.colcon_core.shell:Creating prefix script '/home/student/irslab_ws/src/IRS_2025_Group_4/install/local_setup.bash'
[3.110s] INFO:colcon.colcon_core.shell:Creating prefix chain script '/home/student/irslab_ws/src/IRS_2025_Group_4/install/setup.bash'
[3.114s] INFO:colcon.colcon_core.shell:Creating prefix script '/home/student/irslab_ws/src/IRS_2025_Group_4/install/local_setup.zsh'
[3.114s] INFO:colcon.colcon_core.shell:Creating prefix chain script '/home/student/irslab_ws/src/IRS_2025_Group_4/install/setup.zsh'
