[0.878s] Invoking command in '/home/student/irslab_ws/src/IRS_2025_Group_4/pa_warehouse_status': PYTHONPATH=/home/student/irslab_ws/src/IRS_2025_Group_4/build/pa_warehouse_status/prefix_override:/usr/lib/python3/dist-packages/colcon_core/task/python/colcon_distutils_commands:/home/student/irslab_ws/src/IRS_2025_Group_4/install/pa_warehouse_status/lib/python3.10/site-packages:${PYTHONPATH} /usr/bin/python3 -W ignore:setup.py install is deprecated -W ignore:easy_install command is deprecated setup.py egg_info --egg-base ../build/pa_warehouse_status build --build-base /home/student/irslab_ws/src/IRS_2025_Group_4/build/pa_warehouse_status/build install --record /home/student/irslab_ws/src/IRS_2025_Group_4/build/pa_warehouse_status/install.log --single-version-externally-managed install_data
[1.130s] running egg_info
[1.131s] creating ../build/pa_warehouse_status/pa_warehouse_status.egg-info
[1.131s] writing ../build/pa_warehouse_status/pa_warehouse_status.egg-info/PKG-INFO
[1.131s] writing dependency_links to ../build/pa_warehouse_status/pa_warehouse_status.egg-info/dependency_links.txt
[1.131s] writing entry points to ../build/pa_warehouse_status/pa_warehouse_status.egg-info/entry_points.txt
[1.131s] writing requirements to ../build/pa_warehouse_status/pa_warehouse_status.egg-info/requires.txt
[1.131s] writing top-level names to ../build/pa_warehouse_status/pa_warehouse_status.egg-info/top_level.txt
[1.131s] writing manifest file '../build/pa_warehouse_status/pa_warehouse_status.egg-info/SOURCES.txt'
[1.133s] reading manifest file '../build/pa_warehouse_status/pa_warehouse_status.egg-info/SOURCES.txt'
[1.133s] adding license file 'LICENSE'
[1.134s] writing manifest file '../build/pa_warehouse_status/pa_warehouse_status.egg-info/SOURCES.txt'
[1.134s] running build
[1.134s] running build_py
[1.134s] creating /home/student/irslab_ws/src/IRS_2025_Group_4/build/pa_warehouse_status/build
[1.134s] creating /home/student/irslab_ws/src/IRS_2025_Group_4/build/pa_warehouse_status/build/lib
[1.134s] creating /home/student/irslab_ws/src/IRS_2025_Group_4/build/pa_warehouse_status/build/lib/pa_warehouse_status
[1.134s] copying pa_warehouse_status/pineapple_gossip_bot.py -> /home/student/irslab_ws/src/IRS_2025_Group_4/build/pa_warehouse_status/build/lib/pa_warehouse_status
[1.134s] copying pa_warehouse_status/plc_hmi_listener.py -> /home/student/irslab_ws/src/IRS_2025_Group_4/build/pa_warehouse_status/build/lib/pa_warehouse_status
[1.135s] copying pa_warehouse_status/__init__.py -> /home/student/irslab_ws/src/IRS_2025_Group_4/build/pa_warehouse_status/build/lib/pa_warehouse_status
[1.135s] running install
[1.136s] running install_lib
[1.136s] creating /home/student/irslab_ws/src/IRS_2025_Group_4/install/pa_warehouse_status/lib/python3.10/site-packages/pa_warehouse_status
[1.136s] copying /home/student/irslab_ws/src/IRS_2025_Group_4/build/pa_warehouse_status/build/lib/pa_warehouse_status/pineapple_gossip_bot.py -> /home/student/irslab_ws/src/IRS_2025_Group_4/install/pa_warehouse_status/lib/python3.10/site-packages/pa_warehouse_status
[1.136s] copying /home/student/irslab_ws/src/IRS_2025_Group_4/build/pa_warehouse_status/build/lib/pa_warehouse_status/plc_hmi_listener.py -> /home/student/irslab_ws/src/IRS_2025_Group_4/install/pa_warehouse_status/lib/python3.10/site-packages/pa_warehouse_status
[1.137s] copying /home/student/irslab_ws/src/IRS_2025_Group_4/build/pa_warehouse_status/build/lib/pa_warehouse_status/__init__.py -> /home/student/irslab_ws/src/IRS_2025_Group_4/install/pa_warehouse_status/lib/python3.10/site-packages/pa_warehouse_status
[1.137s] byte-compiling /home/student/irslab_ws/src/IRS_2025_Group_4/install/pa_warehouse_status/lib/python3.10/site-packages/pa_warehouse_status/pineapple_gossip_bot.py to pineapple_gossip_bot.cpython-310.pyc
[1.138s] byte-compiling /home/student/irslab_ws/src/IRS_2025_Group_4/install/pa_warehouse_status/lib/python3.10/site-packages/pa_warehouse_status/plc_hmi_listener.py to plc_hmi_listener.cpython-310.pyc
[1.138s] byte-compiling /home/student/irslab_ws/src/IRS_2025_Group_4/install/pa_warehouse_status/lib/python3.10/site-packages/pa_warehouse_status/__init__.py to __init__.cpython-310.pyc
[1.138s] running install_data
[1.138s] creating /home/student/irslab_ws/src/IRS_2025_Group_4/install/pa_warehouse_status/share/ament_index
[1.139s] creating /home/student/irslab_ws/src/IRS_2025_Group_4/install/pa_warehouse_status/share/ament_index/resource_index
[1.139s] creating /home/student/irslab_ws/src/IRS_2025_Group_4/install/pa_warehouse_status/share/ament_index/resource_index/packages
[1.139s] copying resource/pa_warehouse_status -> /home/student/irslab_ws/src/IRS_2025_Group_4/install/pa_warehouse_status/share/ament_index/resource_index/packages
[1.139s] copying package.xml -> /home/student/irslab_ws/src/IRS_2025_Group_4/install/pa_warehouse_status/share/pa_warehouse_status
[1.139s] running install_egg_info
[1.141s] Copying ../build/pa_warehouse_status/pa_warehouse_status.egg-info to /home/student/irslab_ws/src/IRS_2025_Group_4/install/pa_warehouse_status/lib/python3.10/site-packages/pa_warehouse_status-0.0.0-py3.10.egg-info
[1.142s] running install_scripts
[1.165s] Installing pineapple_gossip_bot script to /home/student/irslab_ws/src/IRS_2025_Group_4/install/pa_warehouse_status/lib/pa_warehouse_status
[1.165s] Installing plc_hmi_listener script to /home/student/irslab_ws/src/IRS_2025_Group_4/install/pa_warehouse_status/lib/pa_warehouse_status
[1.165s] writing list of installed files to '/home/student/irslab_ws/src/IRS_2025_Group_4/build/pa_warehouse_status/install.log'
[1.193s] Invoked command in '/home/student/irslab_ws/src/IRS_2025_Group_4/pa_warehouse_status' returned '0': PYTHONPATH=/home/student/irslab_ws/src/IRS_2025_Group_4/build/pa_warehouse_status/prefix_override:/usr/lib/python3/dist-packages/colcon_core/task/python/colcon_distutils_commands:/home/student/irslab_ws/src/IRS_2025_Group_4/install/pa_warehouse_status/lib/python3.10/site-packages:${PYTHONPATH} /usr/bin/python3 -W ignore:setup.py install is deprecated -W ignore:easy_install command is deprecated setup.py egg_info --egg-base ../build/pa_warehouse_status build --build-base /home/student/irslab_ws/src/IRS_2025_Group_4/build/pa_warehouse_status/build install --record /home/student/irslab_ws/src/IRS_2025_Group_4/build/pa_warehouse_status/install.log --single-version-externally-managed install_data
