[1.371s] Invoking command in '/home/student/irslab_ws/src/IRS_2025_Group_4/pa_warehouse_status': PYTHONPATH=/home/student/irslab_ws/src/IRS_2025_Group_4/build/pa_warehouse_status/prefix_override:/usr/lib/python3/dist-packages/colcon_core/task/python/colcon_distutils_commands:/home/student/irslab_ws/src/IRS_2025_Group_4/install/pa_warehouse_status/lib/python3.10/site-packages:${PYTHONPATH} /usr/bin/python3 -W ignore:setup.py install is deprecated -W ignore:easy_install command is deprecated setup.py egg_info --egg-base ../build/pa_warehouse_status build --build-base /home/student/irslab_ws/src/IRS_2025_Group_4/build/pa_warehouse_status/build install --record /home/student/irslab_ws/src/IRS_2025_Group_4/build/pa_warehouse_status/install.log --single-version-externally-managed install_data
[1.716s] running egg_info
[1.717s] writing ../build/pa_warehouse_status/pa_warehouse_status.egg-info/PKG-INFO
[1.717s] writing dependency_links to ../build/pa_warehouse_status/pa_warehouse_status.egg-info/dependency_links.txt
[1.717s] writing entry points to ../build/pa_warehouse_status/pa_warehouse_status.egg-info/entry_points.txt
[1.717s] writing requirements to ../build/pa_warehouse_status/pa_warehouse_status.egg-info/requires.txt
[1.717s] writing top-level names to ../build/pa_warehouse_status/pa_warehouse_status.egg-info/top_level.txt
[1.718s] reading manifest file '../build/pa_warehouse_status/pa_warehouse_status.egg-info/SOURCES.txt'
[1.718s] adding license file 'LICENSE'
[1.719s] writing manifest file '../build/pa_warehouse_status/pa_warehouse_status.egg-info/SOURCES.txt'
[1.719s] running build
[1.719s] running build_py
[1.719s] running install
[1.719s] running install_lib
[1.720s] running install_data
[1.721s] running install_egg_info
[1.722s] removing '/home/student/irslab_ws/src/IRS_2025_Group_4/install/pa_warehouse_status/lib/python3.10/site-packages/pa_warehouse_status-0.0.0-py3.10.egg-info' (and everything under it)
[1.722s] Copying ../build/pa_warehouse_status/pa_warehouse_status.egg-info to /home/student/irslab_ws/src/IRS_2025_Group_4/install/pa_warehouse_status/lib/python3.10/site-packages/pa_warehouse_status-0.0.0-py3.10.egg-info
[1.723s] running install_scripts
[1.740s] Installing pineapple_gossip_bot script to /home/student/irslab_ws/src/IRS_2025_Group_4/install/pa_warehouse_status/lib/pa_warehouse_status
[1.740s] Installing plc_hmi_listener script to /home/student/irslab_ws/src/IRS_2025_Group_4/install/pa_warehouse_status/lib/pa_warehouse_status
[1.740s] writing list of installed files to '/home/student/irslab_ws/src/IRS_2025_Group_4/build/pa_warehouse_status/install.log'
[1.759s] Invoked command in '/home/student/irslab_ws/src/IRS_2025_Group_4/pa_warehouse_status' returned '0': PYTHONPATH=/home/student/irslab_ws/src/IRS_2025_Group_4/build/pa_warehouse_status/prefix_override:/usr/lib/python3/dist-packages/colcon_core/task/python/colcon_distutils_commands:/home/student/irslab_ws/src/IRS_2025_Group_4/install/pa_warehouse_status/lib/python3.10/site-packages:${PYTHONPATH} /usr/bin/python3 -W ignore:setup.py install is deprecated -W ignore:easy_install command is deprecated setup.py egg_info --egg-base ../build/pa_warehouse_status build --build-base /home/student/irslab_ws/src/IRS_2025_Group_4/build/pa_warehouse_status/build install --record /home/student/irslab_ws/src/IRS_2025_Group_4/build/pa_warehouse_status/install.log --single-version-externally-managed install_data
