[1.758s] Invoking command in '/home/student/irslab_ws/src/IRS_2025_Group_4/hand_solo_arm': PYTHONPATH=/home/student/irslab_ws/src/IRS_2025_Group_4/build/hand_solo_arm/prefix_override:/usr/lib/python3/dist-packages/colcon_core/task/python/colcon_distutils_commands:/home/student/irslab_ws/src/IRS_2025_Group_4/install/hand_solo_arm/lib/python3.10/site-packages:${PYTHONPATH} /usr/bin/python3 -W ignore:setup.py install is deprecated -W ignore:easy_install command is deprecated setup.py egg_info --egg-base ../build/hand_solo_arm build --build-base /home/student/irslab_ws/src/IRS_2025_Group_4/build/hand_solo_arm/build install --record /home/student/irslab_ws/src/IRS_2025_Group_4/build/hand_solo_arm/install.log --single-version-externally-managed install_data
[2.204s] running egg_info
[2.205s] writing ../build/hand_solo_arm/hand_solo_arm.egg-info/PKG-INFO
[2.205s] writing dependency_links to ../build/hand_solo_arm/hand_solo_arm.egg-info/dependency_links.txt
[2.206s] writing entry points to ../build/hand_solo_arm/hand_solo_arm.egg-info/entry_points.txt
[2.206s] writing requirements to ../build/hand_solo_arm/hand_solo_arm.egg-info/requires.txt
[2.206s] writing top-level names to ../build/hand_solo_arm/hand_solo_arm.egg-info/top_level.txt
[2.211s] reading manifest file '../build/hand_solo_arm/hand_solo_arm.egg-info/SOURCES.txt'
[2.212s] writing manifest file '../build/hand_solo_arm/hand_solo_arm.egg-info/SOURCES.txt'
[2.212s] running build
[2.212s] running build_py
[2.213s] running install
[2.213s] running install_lib
[2.215s] running install_data
[2.215s] running install_egg_info
[2.219s] removing '/home/student/irslab_ws/src/IRS_2025_Group_4/install/hand_solo_arm/lib/python3.10/site-packages/hand_solo_arm-0.0.0-py3.10.egg-info' (and everything under it)
[2.219s] Copying ../build/hand_solo_arm/hand_solo_arm.egg-info to /home/student/irslab_ws/src/IRS_2025_Group_4/install/hand_solo_arm/lib/python3.10/site-packages/hand_solo_arm-0.0.0-py3.10.egg-info
[2.220s] running install_scripts
[2.257s] Installing hs_pick_place script to /home/student/irslab_ws/src/IRS_2025_Group_4/install/hand_solo_arm/lib/hand_solo_arm
[2.257s] writing list of installed files to '/home/student/irslab_ws/src/IRS_2025_Group_4/build/hand_solo_arm/install.log'
[2.349s] Invoked command in '/home/student/irslab_ws/src/IRS_2025_Group_4/hand_solo_arm' returned '0': PYTHONPATH=/home/student/irslab_ws/src/IRS_2025_Group_4/build/hand_solo_arm/prefix_override:/usr/lib/python3/dist-packages/colcon_core/task/python/colcon_distutils_commands:/home/student/irslab_ws/src/IRS_2025_Group_4/install/hand_solo_arm/lib/python3.10/site-packages:${PYTHONPATH} /usr/bin/python3 -W ignore:setup.py install is deprecated -W ignore:easy_install command is deprecated setup.py egg_info --egg-base ../build/hand_solo_arm build --build-base /home/student/irslab_ws/src/IRS_2025_Group_4/build/hand_solo_arm/build install --record /home/student/irslab_ws/src/IRS_2025_Group_4/build/hand_solo_arm/install.log --single-version-externally-managed install_data
