[0.906s] Invoking command in '/home/student/irslab_ws/src/IRS_2025_Group_4/autonomous_nav': PYTHONPATH=/home/student/irslab_ws/src/IRS_2025_Group_4/build/autonomous_nav/prefix_override:/usr/lib/python3/dist-packages/colcon_core/task/python/colcon_distutils_commands:/home/student/irslab_ws/src/IRS_2025_Group_4/install/autonomous_nav/lib/python3.10/site-packages:${PYTHONPATH} /usr/bin/python3 -W ignore:setup.py install is deprecated -W ignore:easy_install command is deprecated setup.py egg_info --egg-base ../build/autonomous_nav build --build-base /home/student/irslab_ws/src/IRS_2025_Group_4/build/autonomous_nav/build install --record /home/student/irslab_ws/src/IRS_2025_Group_4/build/autonomous_nav/install.log --single-version-externally-managed install_data
[1.115s] running egg_info
[1.116s] creating ../build/autonomous_nav/autonomous_nav.egg-info
[1.116s] writing ../build/autonomous_nav/autonomous_nav.egg-info/PKG-INFO
[1.116s] writing dependency_links to ../build/autonomous_nav/autonomous_nav.egg-info/dependency_links.txt
[1.116s] writing entry points to ../build/autonomous_nav/autonomous_nav.egg-info/entry_points.txt
[1.116s] writing requirements to ../build/autonomous_nav/autonomous_nav.egg-info/requires.txt
[1.116s] writing top-level names to ../build/autonomous_nav/autonomous_nav.egg-info/top_level.txt
[1.116s] writing manifest file '../build/autonomous_nav/autonomous_nav.egg-info/SOURCES.txt'
[1.118s] reading manifest file '../build/autonomous_nav/autonomous_nav.egg-info/SOURCES.txt'
[1.118s] adding license file 'LICENSE'
[1.119s] writing manifest file '../build/autonomous_nav/autonomous_nav.egg-info/SOURCES.txt'
[1.119s] running build
[1.119s] running build_py
[1.119s] creating /home/student/irslab_ws/src/IRS_2025_Group_4/build/autonomous_nav/build
[1.119s] creating /home/student/irslab_ws/src/IRS_2025_Group_4/build/autonomous_nav/build/lib
[1.119s] creating /home/student/irslab_ws/src/IRS_2025_Group_4/build/autonomous_nav/build/lib/autonomous_nav
[1.119s] copying autonomous_nav/hs_waypoint_follower.py -> /home/student/irslab_ws/src/IRS_2025_Group_4/build/autonomous_nav/build/lib/autonomous_nav
[1.119s] copying autonomous_nav/__init__.py -> /home/student/irslab_ws/src/IRS_2025_Group_4/build/autonomous_nav/build/lib/autonomous_nav
[1.119s] running install
[1.120s] running install_lib
[1.120s] creating /home/student/irslab_ws/src/IRS_2025_Group_4/install/autonomous_nav/lib/python3.10/site-packages/autonomous_nav
[1.120s] copying /home/student/irslab_ws/src/IRS_2025_Group_4/build/autonomous_nav/build/lib/autonomous_nav/hs_waypoint_follower.py -> /home/student/irslab_ws/src/IRS_2025_Group_4/install/autonomous_nav/lib/python3.10/site-packages/autonomous_nav
[1.121s] copying /home/student/irslab_ws/src/IRS_2025_Group_4/build/autonomous_nav/build/lib/autonomous_nav/__init__.py -> /home/student/irslab_ws/src/IRS_2025_Group_4/install/autonomous_nav/lib/python3.10/site-packages/autonomous_nav
[1.121s] byte-compiling /home/student/irslab_ws/src/IRS_2025_Group_4/install/autonomous_nav/lib/python3.10/site-packages/autonomous_nav/hs_waypoint_follower.py to hs_waypoint_follower.cpython-310.pyc
[1.122s]   File "/home/student/irslab_ws/src/IRS_2025_Group_4/install/autonomous_nav/lib/python3.10/site-packages/autonomous_nav/hs_waypoint_follower.py", line 194
[1.122s]     	node.get_logged().warn('No weight message recieved)
[1.122s]     	                       ^
[1.122s] SyntaxError: unterminated string literal (detected at line 194)
[1.122s] 
[1.122s] byte-compiling /home/student/irslab_ws/src/IRS_2025_Group_4/install/autonomous_nav/lib/python3.10/site-packages/autonomous_nav/__init__.py to __init__.cpython-310.pyc
[1.123s] running install_data
[1.123s] creating /home/student/irslab_ws/src/IRS_2025_Group_4/install/autonomous_nav/share/ament_index
[1.123s] creating /home/student/irslab_ws/src/IRS_2025_Group_4/install/autonomous_nav/share/ament_index/resource_index
[1.123s] creating /home/student/irslab_ws/src/IRS_2025_Group_4/install/autonomous_nav/share/ament_index/resource_index/packages
[1.123s] copying resource/autonomous_nav -> /home/student/irslab_ws/src/IRS_2025_Group_4/install/autonomous_nav/share/ament_index/resource_index/packages
[1.123s] copying package.xml -> /home/student/irslab_ws/src/IRS_2025_Group_4/install/autonomous_nav/share/autonomous_nav
[1.123s] creating /home/student/irslab_ws/src/IRS_2025_Group_4/install/autonomous_nav/share/autonomous_nav/launch
[1.123s] copying launch/nav_launch.py -> /home/student/irslab_ws/src/IRS_2025_Group_4/install/autonomous_nav/share/autonomous_nav/launch
[1.123s] copying launch/mapping_launch.py -> /home/student/irslab_ws/src/IRS_2025_Group_4/install/autonomous_nav/share/autonomous_nav/launch
[1.123s] creating /home/student/irslab_ws/src/IRS_2025_Group_4/install/autonomous_nav/share/autonomous_nav/config
[1.123s] copying config/pa_slam_params.yaml -> /home/student/irslab_ws/src/IRS_2025_Group_4/install/autonomous_nav/share/autonomous_nav/config
[1.123s] copying config/pa_nav2_params.yaml -> /home/student/irslab_ws/src/IRS_2025_Group_4/install/autonomous_nav/share/autonomous_nav/config
[1.123s] creating /home/student/irslab_ws/src/IRS_2025_Group_4/install/autonomous_nav/share/autonomous_nav/rviz
[1.124s] copying rviz/pa_rviz_nav2.rviz -> /home/student/irslab_ws/src/IRS_2025_Group_4/install/autonomous_nav/share/autonomous_nav/rviz
[1.124s] copying rviz/pa_rviz_mapping.rviz -> /home/student/irslab_ws/src/IRS_2025_Group_4/install/autonomous_nav/share/autonomous_nav/rviz
[1.124s] creating /home/student/irslab_ws/src/IRS_2025_Group_4/install/autonomous_nav/share/autonomous_nav/map
[1.124s] copying map/pa_warehouse_map_02.pgm -> /home/student/irslab_ws/src/IRS_2025_Group_4/install/autonomous_nav/share/autonomous_nav/map
[1.124s] copying map/pa_warehouse_map_02.yaml -> /home/student/irslab_ws/src/IRS_2025_Group_4/install/autonomous_nav/share/autonomous_nav/map
[1.124s] running install_egg_info
[1.126s] Copying ../build/autonomous_nav/autonomous_nav.egg-info to /home/student/irslab_ws/src/IRS_2025_Group_4/install/autonomous_nav/lib/python3.10/site-packages/autonomous_nav-0.0.0-py3.10.egg-info
[1.127s] running install_scripts
[1.147s] Installing hs_waypoint_follower script to /home/student/irslab_ws/src/IRS_2025_Group_4/install/autonomous_nav/lib/autonomous_nav
[1.147s] writing list of installed files to '/home/student/irslab_ws/src/IRS_2025_Group_4/build/autonomous_nav/install.log'
[1.173s] Invoked command in '/home/student/irslab_ws/src/IRS_2025_Group_4/autonomous_nav' returned '0': PYTHONPATH=/home/student/irslab_ws/src/IRS_2025_Group_4/build/autonomous_nav/prefix_override:/usr/lib/python3/dist-packages/colcon_core/task/python/colcon_distutils_commands:/home/student/irslab_ws/src/IRS_2025_Group_4/install/autonomous_nav/lib/python3.10/site-packages:${PYTHONPATH} /usr/bin/python3 -W ignore:setup.py install is deprecated -W ignore:easy_install command is deprecated setup.py egg_info --egg-base ../build/autonomous_nav build --build-base /home/student/irslab_ws/src/IRS_2025_Group_4/build/autonomous_nav/build install --record /home/student/irslab_ws/src/IRS_2025_Group_4/build/autonomous_nav/install.log --single-version-externally-managed install_data
